Using pre-set license

 COMMAND LINE ARGUMENTS:
/Applications/Unity/Hub/Editor/2020.3.5f1/Unity.app/Contents/MacOS/Unity
-adb2
-batchMode
-noUpm
-name
AssetImportWorker2
-projectPath
/Users/sergioferia/Desktop/Unity3D/ProyectosUnity/CallOfGetafe
-logFile
Logs/AssetImportWorker2.log
-srvPort
49262
Successfully changed project path to: /Users/sergioferia/Desktop/Unity3D/ProyectosUnity/CallOfGetafe
/Users/sergioferia/Desktop/Unity3D/ProyectosUnity/CallOfGetafe
Using Asset Import Pipeline V2.
Refreshing native plugins compatible for Editor in 100.96 ms, found 1 plugins.
Preloading 0 native plugins for Editor in 0.00 ms.
Initialize engine version: 2020.3.5f1 (8095aa901b9b)
[Subsystems] Discovering subsystems at path /Applications/Unity/Hub/Editor/2020.3.5f1/Unity.app/Contents/Resources/UnitySubsystems
[Subsystems] Discovering subsystems at path /Users/sergioferia/Desktop/Unity3D/ProyectosUnity/CallOfGetafe/Assets
GfxDevice: creating device client; threaded=0
2021-05-30 22:17:18.326 Unity[630:8581] PHL 223V5 preferred device: Intel HD Graphics 5000 (low power)
2021-05-30 22:17:18.326 Unity[630:8581] Metal devices available: 1
2021-05-30 22:17:18.326 Unity[630:8581] 0: Intel HD Graphics 5000 (low power)
2021-05-30 22:17:18.327 Unity[630:8581] Using device Intel HD Graphics 5000 (low power)
Initializing Metal device caps: Intel HD Graphics 5000
Initialize mono
Mono path[0] = '/Applications/Unity/Hub/Editor/2020.3.5f1/Unity.app/Contents/Managed'
Mono path[1] = '/Applications/Unity/Hub/Editor/2020.3.5f1/Unity.app/Contents/MonoBleedingEdge/lib/mono/unityjit'
Mono config path = '/Applications/Unity/Hub/Editor/2020.3.5f1/Unity.app/Contents/MonoBleedingEdge/etc'
Using monoOptions --debugger-agent=transport=dt_socket,embedding=1,server=y,suspend=n,address=127.0.0.1:56630
Begin MonoManager ReloadAssembly
Registering precompiled unity dll's ...
Register platform support module: /Applications/Unity/Hub/Editor/2020.3.5f1/PlaybackEngines/WebGLSupport/UnityEditor.WebGL.Extensions.dll
Register platform support module: /Applications/Unity/Hub/Editor/2020.3.5f1/Unity.app/Contents/PlaybackEngines/MacStandaloneSupport/UnityEditor.OSXStandalone.Extensions.dll
Registered in 0.036169 seconds.
Native extension for OSXStandalone target not found
Native extension for WebGL target not found
Refreshing native plugins compatible for Editor in 71.84 ms, found 1 plugins.
Preloading 0 native plugins for Editor in 0.00 ms.
Mono: successfully reloaded assembly
- Completed reload, in  6.618 seconds
Platform modules already initialized, skipping
Registering precompiled user dll's ...
Registered in 0.055050 seconds.
Begin MonoManager ReloadAssembly
Native extension for OSXStandalone target not found
Native extension for WebGL target not found
Refreshing native plugins compatible for Editor in 0.81 ms, found 1 plugins.
Preloading 0 native plugins for Editor in 0.00 ms.
Mono: successfully reloaded assembly
- Completed reload, in  2.228 seconds
Platform modules already initialized, skipping
========================================================================
Worker process is ready to serve import requests
Launching external process: /Applications/Unity/Hub/Editor/2020.3.5f1/Unity.app/Contents/Tools/UnityShaderCompiler
Launched and connected shader compiler UnityShaderCompiler after 0.02 seconds
Refreshing native plugins compatible for Editor in 0.56 ms, found 1 plugins.
Preloading 0 native plugins for Editor in 0.00 ms.
Unloading 1754 Unused Serialized files (Serialized files now loaded: 0)
System memory in use before: 216.9 MB.
System memory in use after: 217.0 MB.

Unloading 79 unused Assets to reduce memory usage. Loaded Objects now: 2238.
Total: 3.383020 ms (FindLiveObjects: 0.301214 ms CreateObjectMapping: 0.086624 ms MarkObjects: 2.535788 ms  DeleteObjects: 0.455971 ms)

========================================================================
Received Import Request.
  path: Assets/_GameAssets/Animations/Enemies
  artifactKey: Guid(6deb007508707437ca7d1f22989568fb) Importer(815301076,1909f56bfc062723c751e8b465ee728b)
Start importing Assets/_GameAssets/Animations/Enemies using Guid(6deb007508707437ca7d1f22989568fb) Importer(815301076,1909f56bfc062723c751e8b465ee728b)  -> (artifact id: 'ff4e08811e7a0176dbb97a2e9485f1c9') in 0.207421 seconds
  Import took 0.395140 seconds .

========================================================================
Received Import Request.
  Time since last request: 85.514683 seconds.
  path: Assets/_GameAssets/3D Models/TheBoss/Animations/TheBossAnimatorController.controller
  artifactKey: Guid(04ebe316d81444707b7de2fcce5985fb) Importer(815301076,1909f56bfc062723c751e8b465ee728b)
Start importing Assets/_GameAssets/3D Models/TheBoss/Animations/TheBossAnimatorController.controller using Guid(04ebe316d81444707b7de2fcce5985fb) Importer(815301076,1909f56bfc062723c751e8b465ee728b)  -> (artifact id: 'c1f8571fad4c057042a0ece161a02005') in 1.529009 seconds
  Import took 1.571367 seconds .

========================================================================
Received Import Request.
  Time since last request: 30.791665 seconds.
  path: Assets/_GameAssets/Animations/Enemies/TheBoss
  artifactKey: Guid(db04a8095ee42456eaeda49223dfb3df) Importer(815301076,1909f56bfc062723c751e8b465ee728b)
Start importing Assets/_GameAssets/Animations/Enemies/TheBoss using Guid(db04a8095ee42456eaeda49223dfb3df) Importer(815301076,1909f56bfc062723c751e8b465ee728b)  -> (artifact id: '4a092e99a5e0c471e692552106611198') in 0.008027 seconds
  Import took 0.066048 seconds .

========================================================================
Received Import Request.
  Time since last request: 37.764176 seconds.
  path: Assets/_GameAssets/Materials/GoofyEnemy/TheBoss
  artifactKey: Guid(88121634a05884a679242a68cb6d88be) Importer(815301076,1909f56bfc062723c751e8b465ee728b)
Start importing Assets/_GameAssets/Materials/GoofyEnemy/TheBoss using Guid(88121634a05884a679242a68cb6d88be) Importer(815301076,1909f56bfc062723c751e8b465ee728b)  -> (artifact id: '37f0cc065f0e7baf20b49a4a6f3ae0c4') in 0.005756 seconds
  Import took 0.035436 seconds .

========================================================================
Received Import Request.
  Time since last request: 25.144170 seconds.
  path: Assets/_GameAssets/Materials/The Boss
  artifactKey: Guid(526dac95e86c9434ebf8a375cec8aafe) Importer(815301076,1909f56bfc062723c751e8b465ee728b)
Start importing Assets/_GameAssets/Materials/The Boss using Guid(526dac95e86c9434ebf8a375cec8aafe) Importer(815301076,1909f56bfc062723c751e8b465ee728b)  -> (artifact id: '66a930b982a0f356fa7258c6f9d71645') in 0.003249 seconds
  Import took 0.045823 seconds .

========================================================================
Received Import Request.
  Time since last request: 52.861458 seconds.
  path: Assets/_GameAssets/Textures/TheBoss
  artifactKey: Guid(0d21f7ee6761a4737803d26e27e3de65) Importer(815301076,1909f56bfc062723c751e8b465ee728b)
Start importing Assets/_GameAssets/Textures/TheBoss using Guid(0d21f7ee6761a4737803d26e27e3de65) Importer(815301076,1909f56bfc062723c751e8b465ee728b)  -> (artifact id: '333ee95ff3cb4de3f911bdcd1046ee86') in 0.003200 seconds
  Import took 0.022712 seconds .

========================================================================
Received Import Request.
  Time since last request: 73.961667 seconds.
  path: Assets/_GameAssets/Materials/Vintage_Suitcase
  artifactKey: Guid(0215cea897a124012acd0246ac7f8668) Importer(815301076,1909f56bfc062723c751e8b465ee728b)
Start importing Assets/_GameAssets/Materials/Vintage_Suitcase using Guid(0215cea897a124012acd0246ac7f8668) Importer(815301076,1909f56bfc062723c751e8b465ee728b)  -> (artifact id: '1af3ae4ddf4b5b65f81976cb86ff9ec9') in 0.007789 seconds
  Import took 0.018136 seconds .

========================================================================
Received Import Request.
  Time since last request: 0.004136 seconds.
  path: Assets/_GameAssets/Materials/Vintage_Suitcase
  artifactKey: Guid(0215cea897a124012acd0246ac7f8668) Importer(815301076,1909f56bfc062723c751e8b465ee728b)
Start importing Assets/_GameAssets/Materials/Vintage_Suitcase using Guid(0215cea897a124012acd0246ac7f8668) Importer(815301076,1909f56bfc062723c751e8b465ee728b)  -> (artifact id: '1af3ae4ddf4b5b65f81976cb86ff9ec9') in 0.006349 seconds
  Import took 0.015201 seconds .

========================================================================
Received Import Request.
  Time since last request: 43.814374 seconds.
  path: Assets/_GameAssets/Textures/Vintage_Suitcase
  artifactKey: Guid(a866d2af7326a46629228f83b49c9922) Importer(815301076,1909f56bfc062723c751e8b465ee728b)
Start importing Assets/_GameAssets/Textures/Vintage_Suitcase using Guid(a866d2af7326a46629228f83b49c9922) Importer(815301076,1909f56bfc062723c751e8b465ee728b)  -> (artifact id: 'f06f28258d6c0f1aac44bd69ba8c84ae') in 0.003675 seconds
  Import took 0.038681 seconds .

========================================================================
Received Import Request.
  Time since last request: 8.710102 seconds.
  path: Assets/_GameAssets/3D Models/Vintage_Suitcase/tex/Vintage_Suitcase_AO.png
  artifactKey: Guid(bee0989eeb9e14d73843a52af9e16771) Importer(815301076,1909f56bfc062723c751e8b465ee728b)
Start importing Assets/_GameAssets/3D Models/Vintage_Suitcase/tex/Vintage_Suitcase_AO.png using Guid(bee0989eeb9e14d73843a52af9e16771) Importer(815301076,1909f56bfc062723c751e8b465ee728b)  -> (artifact id: '1d051a20ffe1714bda2ef3cb14367596') in 1.761087 seconds
  Import took 1.823701 seconds .

========================================================================
Received Import Request.
  Time since last request: 0.000294 seconds.
  path: Assets/_GameAssets/3D Models/Vintage_Suitcase/tex/Vintage_Suitcase_Normal_OpenGL.png
  artifactKey: Guid(a0b0065f86192443bb4d016f0418e532) Importer(815301076,1909f56bfc062723c751e8b465ee728b)
Start importing Assets/_GameAssets/3D Models/Vintage_Suitcase/tex/Vintage_Suitcase_Normal_OpenGL.png using Guid(a0b0065f86192443bb4d016f0418e532) Importer(815301076,1909f56bfc062723c751e8b465ee728b)  -> (artifact id: 'd3dc710b27b3cd085fb2e32adb295ca3') in 0.132934 seconds
  Import took 0.169974 seconds .

========================================================================
Received Import Request.
  Time since last request: 17.483089 seconds.
  path: Assets/_GameAssets/3D Models/Vintage_Suitcase/Vintage_Suitcase preview01.jpg
  artifactKey: Guid(15caaed6ddf654035983a88a5b3bb5f6) Importer(815301076,1909f56bfc062723c751e8b465ee728b)
Start importing Assets/_GameAssets/3D Models/Vintage_Suitcase/Vintage_Suitcase preview01.jpg using Guid(15caaed6ddf654035983a88a5b3bb5f6) Importer(815301076,1909f56bfc062723c751e8b465ee728b)  -> (artifact id: 'e9291ee0d1de5cd68b55b435a77482fd') in 0.862855 seconds
  Import took 0.909250 seconds .

========================================================================
Received Import Request.
  Time since last request: 117.132804 seconds.
  path: Assets/_GameAssets/FakeWeapon/Weapons/uziGoldSilencer.obj
  artifactKey: Guid(596b5de741204484fad0e8dc6004badf) Importer(815301076,1909f56bfc062723c751e8b465ee728b)
Start importing Assets/_GameAssets/FakeWeapon/Weapons/uziGoldSilencer.obj using Guid(596b5de741204484fad0e8dc6004badf) Importer(815301076,1909f56bfc062723c751e8b465ee728b)  -> (artifact id: 'f083d3dd5a943a3e475f85c62687db28') in 1.111050 seconds
  Import took 1.116280 seconds .

========================================================================
Received Import Request.
  Time since last request: 22.934979 seconds.
  path: Assets/_GameAssets/3D Models/Weapons
  artifactKey: Guid(888c710b3f4fc44b199f54038609f281) Importer(815301076,1909f56bfc062723c751e8b465ee728b)
Start importing Assets/_GameAssets/3D Models/Weapons using Guid(888c710b3f4fc44b199f54038609f281) Importer(815301076,1909f56bfc062723c751e8b465ee728b)  -> (artifact id: '2ba16e4075e3dd747157cc4f139c0012') in 0.003540 seconds
  Import took 0.033488 seconds .

========================================================================
Received Import Request.
  Time since last request: 73.488253 seconds.
  path: Assets/_GameAssets/FakeWeapon/FakeWeapon.prefab
  artifactKey: Guid(bb80f5fbe20e8c840b08d885b3f895c2) Importer(815301076,1909f56bfc062723c751e8b465ee728b)
Start importing Assets/_GameAssets/FakeWeapon/FakeWeapon.prefab using Guid(bb80f5fbe20e8c840b08d885b3f895c2) Importer(815301076,1909f56bfc062723c751e8b465ee728b)  -> (artifact id: '49f19a992522de1df7aa10128f984cd8') in 0.625487 seconds
  Import took 0.656239 seconds .

========================================================================
Received Import Request.
  Time since last request: 0.037722 seconds.
  path: Assets/_GameAssets/FakeWeapon/FakeWeapon.prefab
  artifactKey: Guid(bb80f5fbe20e8c840b08d885b3f895c2) Importer(815301076,1909f56bfc062723c751e8b465ee728b)
Start importing Assets/_GameAssets/FakeWeapon/FakeWeapon.prefab using Guid(bb80f5fbe20e8c840b08d885b3f895c2) Importer(815301076,1909f56bfc062723c751e8b465ee728b)  -> (artifact id: '49f19a992522de1df7aa10128f984cd8') in 0.016060 seconds
  Import took 0.022024 seconds .

========================================================================
Received Prepare
Registering precompiled user dll's ...
Registered in 0.001164 seconds.
Begin MonoManager ReloadAssembly
Native extension for OSXStandalone target not found
Native extension for WebGL target not found
Refreshing native plugins compatible for Editor in 0.65 ms, found 1 plugins.
Preloading 0 native plugins for Editor in 0.00 ms.
Warning: Annotation not found!
UnityEngine.StackTraceUtility:ExtractStackTrace () (at /Users/bokken/buildslave/unity/build/Runtime/Export/Scripting/StackTrace.cs:37)
UnityEditor.ProBuilder.EditorUtility:SetGizmoIconEnabled (System.Type,bool) (at Library/PackageCache/com.unity.probuilder@4.5.0/Editor/EditorCore/EditorUtility.cs:593)
UnityEditor.ProBuilder.HierarchyListener:.cctor () (at Library/PackageCache/com.unity.probuilder@4.5.0/Editor/EditorCore/HierarchyListener.cs:21)
System.Runtime.CompilerServices.RuntimeHelpers:RunClassConstructor (System.RuntimeTypeHandle)
UnityEditor.EditorAssemblies:ProcessInitializeOnLoadAttributes (System.Type[]) (at /Users/bokken/buildslave/unity/build/Editor/Mono/EditorAssemblies.cs:114)

[Library/PackageCache/com.unity.probuilder@4.5.0/Editor/EditorCore/EditorUtility.cs line 593]

Mono: successfully reloaded assembly
- Completed reload, in  1.933 seconds
Platform modules already initialized, skipping
Refreshing native plugins compatible for Editor in 0.67 ms, found 1 plugins.
Preloading 0 native plugins for Editor in 0.00 ms.
Unloading 1667 Unused Serialized files (Serialized files now loaded: 0)
System memory in use before: 234.7 MB.
System memory in use after: 234.7 MB.

Unloading 8 unused Assets to reduce memory usage. Loaded Objects now: 2255.
Total: 4.472214 ms (FindLiveObjects: 0.379211 ms CreateObjectMapping: 0.196313 ms MarkObjects: 3.483013 ms  DeleteObjects: 0.411380 ms)

========================================================================
Received Prepare
Registering precompiled user dll's ...
Registered in 0.001108 seconds.
Begin MonoManager ReloadAssembly
Native extension for OSXStandalone target not found
Native extension for WebGL target not found
Refreshing native plugins compatible for Editor in 0.69 ms, found 1 plugins.
Preloading 0 native plugins for Editor in 0.00 ms.
Warning: Annotation not found!
UnityEngine.StackTraceUtility:ExtractStackTrace () (at /Users/bokken/buildslave/unity/build/Runtime/Export/Scripting/StackTrace.cs:37)
UnityEditor.ProBuilder.EditorUtility:SetGizmoIconEnabled (System.Type,bool) (at Library/PackageCache/com.unity.probuilder@4.5.0/Editor/EditorCore/EditorUtility.cs:593)
UnityEditor.ProBuilder.HierarchyListener:.cctor () (at Library/PackageCache/com.unity.probuilder@4.5.0/Editor/EditorCore/HierarchyListener.cs:21)
System.Runtime.CompilerServices.RuntimeHelpers:RunClassConstructor (System.RuntimeTypeHandle)
UnityEditor.EditorAssemblies:ProcessInitializeOnLoadAttributes (System.Type[]) (at /Users/bokken/buildslave/unity/build/Editor/Mono/EditorAssemblies.cs:114)

[Library/PackageCache/com.unity.probuilder@4.5.0/Editor/EditorCore/EditorUtility.cs line 593]

Mono: successfully reloaded assembly
- Completed reload, in  1.630 seconds
Platform modules already initialized, skipping
Refreshing native plugins compatible for Editor in 0.87 ms, found 1 plugins.
Preloading 0 native plugins for Editor in 0.00 ms.
Unloading 1667 Unused Serialized files (Serialized files now loaded: 0)
System memory in use before: 235.0 MB.
System memory in use after: 235.1 MB.

Unloading 8 unused Assets to reduce memory usage. Loaded Objects now: 2258.
Total: 3.913134 ms (FindLiveObjects: 0.376496 ms CreateObjectMapping: 0.150402 ms MarkObjects: 2.934800 ms  DeleteObjects: 0.450363 ms)

========================================================================
Received Import Request.
  Time since last request: 50.347050 seconds.
  path: Assets/_GameAssets/FakeWeapon/Weapons/ammo_pistol.obj
  artifactKey: Guid(93375713b9d6e4a4ab7099069b571d4d) Importer(815301076,1909f56bfc062723c751e8b465ee728b)
Start importing Assets/_GameAssets/FakeWeapon/Weapons/ammo_pistol.obj using Guid(93375713b9d6e4a4ab7099069b571d4d) Importer(815301076,1909f56bfc062723c751e8b465ee728b)  -> (artifact id: 'ae52ad3e785615d7b53b66758fd33c80') in 0.155625 seconds
  Import took 0.191117 seconds .

========================================================================
Received Import Request.
  Time since last request: 1.343344 seconds.
  path: Assets/_GameAssets/FakeWeapon/Weapons/ammo_rocket.obj
  artifactKey: Guid(f004b602fcc6f6e4aa5b75fc0a550467) Importer(815301076,1909f56bfc062723c751e8b465ee728b)
Start importing Assets/_GameAssets/FakeWeapon/Weapons/ammo_rocket.obj using Guid(f004b602fcc6f6e4aa5b75fc0a550467) Importer(815301076,1909f56bfc062723c751e8b465ee728b)  -> (artifact id: '0232cb36dbb2b1a081c3f7dc36775700') in 0.069094 seconds
  Import took 0.120684 seconds .

========================================================================
Received Import Request.
  Time since last request: 1.561064 seconds.
  path: Assets/_GameAssets/FakeWeapon/Weapons/ammo_rocketModern.obj
  artifactKey: Guid(40d5093c2a9d61046b66648017192aa9) Importer(815301076,1909f56bfc062723c751e8b465ee728b)
Start importing Assets/_GameAssets/FakeWeapon/Weapons/ammo_rocketModern.obj using Guid(40d5093c2a9d61046b66648017192aa9) Importer(815301076,1909f56bfc062723c751e8b465ee728b)  -> (artifact id: '81b4003f213b8c4844b7e5d208224351') in 0.053467 seconds
  Import took 0.074337 seconds .

========================================================================
Received Import Request.
  Time since last request: 2.034385 seconds.
  path: Assets/_GameAssets/FakeWeapon/Weapons/ammo_shotgun.obj
  artifactKey: Guid(43b8c7ada695b7f45a45d997db8243d1) Importer(815301076,1909f56bfc062723c751e8b465ee728b)
Start importing Assets/_GameAssets/FakeWeapon/Weapons/ammo_shotgun.obj using Guid(43b8c7ada695b7f45a45d997db8243d1) Importer(815301076,1909f56bfc062723c751e8b465ee728b)  -> (artifact id: '5b3741cceee2ff8a7c40a22af98a729c') in 0.052996 seconds
  Import took 0.058009 seconds .

========================================================================
Received Import Request.
  Time since last request: 3.887303 seconds.
  path: Assets/_GameAssets/FakeWeapon/Weapons/ammo_sniper.obj
  artifactKey: Guid(44ed05d4928407647919ada74e06fc37) Importer(815301076,1909f56bfc062723c751e8b465ee728b)
Start importing Assets/_GameAssets/FakeWeapon/Weapons/ammo_sniper.obj using Guid(44ed05d4928407647919ada74e06fc37) Importer(815301076,1909f56bfc062723c751e8b465ee728b)  -> (artifact id: 'b3a7de235e2a842ce845057f4e1f0b24') in 0.056648 seconds
  Import took 0.105700 seconds .

========================================================================
Received Import Request.
  Time since last request: 1.964545 seconds.
  path: Assets/_GameAssets/FakeWeapon/Weapons/knifeRound_smooth.obj
  artifactKey: Guid(f81b15b0bffc31d40a877a3c1512423d) Importer(815301076,1909f56bfc062723c751e8b465ee728b)
Start importing Assets/_GameAssets/FakeWeapon/Weapons/knifeRound_smooth.obj using Guid(f81b15b0bffc31d40a877a3c1512423d) Importer(815301076,1909f56bfc062723c751e8b465ee728b)  -> (artifact id: '1477411ebb9ff120e53f61e559209d12') in 0.050577 seconds
  Import took 0.087086 seconds .

========================================================================
Received Import Request.
  Time since last request: 1.884105 seconds.
  path: Assets/_GameAssets/FakeWeapon/Weapons/knifeRound_sharp.obj
  artifactKey: Guid(93cab1bf72fc9424c89a5bcefd9758ae) Importer(815301076,1909f56bfc062723c751e8b465ee728b)
Start importing Assets/_GameAssets/FakeWeapon/Weapons/knifeRound_sharp.obj using Guid(93cab1bf72fc9424c89a5bcefd9758ae) Importer(815301076,1909f56bfc062723c751e8b465ee728b)  -> (artifact id: '40832b7e18e6f99c99558cba92de8999') in 0.108503 seconds
  Import took 0.431347 seconds .

========================================================================
Received Import Request.
  Time since last request: 35.632769 seconds.
  path: Assets/_GameAssets/FakeWeapon/Weapons/ammo_machinegun.mtl
  artifactKey: Guid(9b3c050b9cc151f4db97a763b0186054) Importer(815301076,1909f56bfc062723c751e8b465ee728b)
Start importing Assets/_GameAssets/FakeWeapon/Weapons/ammo_machinegun.mtl using Guid(9b3c050b9cc151f4db97a763b0186054) Importer(815301076,1909f56bfc062723c751e8b465ee728b)  -> (artifact id: 'de030eeeb56d2a8e1666ecdc0b0d5050') in 0.195211 seconds
  Import took 0.248919 seconds .

========================================================================
Received Import Request.
  Time since last request: 22.265509 seconds.
  path: Assets/_GameAssets/3D Models/Weapons/Materials
  artifactKey: Guid(62a2a3a3220c6064eab376c9d2b4208e) Importer(815301076,1909f56bfc062723c751e8b465ee728b)
Start importing Assets/_GameAssets/3D Models/Weapons/Materials using Guid(62a2a3a3220c6064eab376c9d2b4208e) Importer(815301076,1909f56bfc062723c751e8b465ee728b)  -> (artifact id: '24564656943825022ae44d8e78b6b6d7') in 0.001302 seconds
  Import took 0.060183 seconds .

========================================================================
Received Import Request.
  Time since last request: 20.849150 seconds.
  path: Assets/_GameAssets/Materials/Weapon
  artifactKey: Guid(374c66dff0ff4400cbac1a3abfb27d40) Importer(815301076,1909f56bfc062723c751e8b465ee728b)
Start importing Assets/_GameAssets/Materials/Weapon using Guid(374c66dff0ff4400cbac1a3abfb27d40) Importer(815301076,1909f56bfc062723c751e8b465ee728b)  -> (artifact id: 'e67b012e8d13ebb55d21c2499acb7c94') in 0.003243 seconds
  Import took 0.013526 seconds .

========================================================================
Received Prepare
Registering precompiled user dll's ...
Registered in 0.090504 seconds.
Begin MonoManager ReloadAssembly
Native extension for OSXStandalone target not found
Native extension for WebGL target not found
Refreshing native plugins compatible for Editor in 0.67 ms, found 1 plugins.
Preloading 0 native plugins for Editor in 0.00 ms.
Warning: Annotation not found!
UnityEngine.StackTraceUtility:ExtractStackTrace () (at /Users/bokken/buildslave/unity/build/Runtime/Export/Scripting/StackTrace.cs:37)
UnityEditor.ProBuilder.EditorUtility:SetGizmoIconEnabled (System.Type,bool) (at Library/PackageCache/com.unity.probuilder@4.5.0/Editor/EditorCore/EditorUtility.cs:593)
UnityEditor.ProBuilder.HierarchyListener:.cctor () (at Library/PackageCache/com.unity.probuilder@4.5.0/Editor/EditorCore/HierarchyListener.cs:21)
System.Runtime.CompilerServices.RuntimeHelpers:RunClassConstructor (System.RuntimeTypeHandle)
UnityEditor.EditorAssemblies:ProcessInitializeOnLoadAttributes (System.Type[]) (at /Users/bokken/buildslave/unity/build/Editor/Mono/EditorAssemblies.cs:114)

[Library/PackageCache/com.unity.probuilder@4.5.0/Editor/EditorCore/EditorUtility.cs line 593]

Mono: successfully reloaded assembly
- Completed reload, in  2.329 seconds
Platform modules already initialized, skipping
Refreshing native plugins compatible for Editor in 0.56 ms, found 1 plugins.
Preloading 0 native plugins for Editor in 0.00 ms.
Unloading 1667 Unused Serialized files (Serialized files now loaded: 0)
System memory in use before: 239.9 MB.
System memory in use after: 239.9 MB.

Unloading 8 unused Assets to reduce memory usage. Loaded Objects now: 2262.
Total: 3.413482 ms (FindLiveObjects: 0.320540 ms CreateObjectMapping: 0.094856 ms MarkObjects: 2.604858 ms  DeleteObjects: 0.391291 ms)

