Using pre-set license

 COMMAND LINE ARGUMENTS:
/Applications/Unity/Hub/Editor/2020.3.5f1/Unity.app/Contents/MacOS/Unity
-adb2
-batchMode
-noUpm
-name
AssetImportWorker104
-projectPath
/Users/sergioferia/Desktop/Unity3D/ProyectosUnity/CallOfGetafe
-logFile
Logs/AssetImportWorker104.log
-srvPort
49293
Successfully changed project path to: /Users/sergioferia/Desktop/Unity3D/ProyectosUnity/CallOfGetafe
/Users/sergioferia/Desktop/Unity3D/ProyectosUnity/CallOfGetafe
Using Asset Import Pipeline V2.
Refreshing native plugins compatible for Editor in 300.54 ms, found 1 plugins.
Preloading 0 native plugins for Editor in 0.00 ms.
Initialize engine version: 2020.3.5f1 (8095aa901b9b)
[Subsystems] Discovering subsystems at path /Applications/Unity/Hub/Editor/2020.3.5f1/Unity.app/Contents/Resources/UnitySubsystems
[Subsystems] Discovering subsystems at path /Users/sergioferia/Desktop/Unity3D/ProyectosUnity/CallOfGetafe/Assets
GfxDevice: creating device client; threaded=0
2021-05-31 14:07:05.861 Unity[2471:87877] PHL 223V5 preferred device: Intel HD Graphics 5000 (low power)
2021-05-31 14:07:05.861 Unity[2471:87877] Metal devices available: 1
2021-05-31 14:07:05.861 Unity[2471:87877] 0: Intel HD Graphics 5000 (low power)
2021-05-31 14:07:05.862 Unity[2471:87877] Using device Intel HD Graphics 5000 (low power)
Initializing Metal device caps: Intel HD Graphics 5000
