Using pre-set license

 COMMAND LINE ARGUMENTS:
/Applications/Unity/Hub/Editor/2020.3.5f1/Unity.app/Contents/MacOS/Unity
-adb2
-batchMode
-noUpm
-name
AssetImportWorker16
-projectPath
/Users/sergioferia/Desktop/Unity3D/ProyectosUnity/CallOfGetafe
-logFile
Logs/AssetImportWorker16.log
-srvPort
49382
Successfully changed project path to: /Users/sergioferia/Desktop/Unity3D/ProyectosUnity/CallOfGetafe
/Users/sergioferia/Desktop/Unity3D/ProyectosUnity/CallOfGetafe
Using Asset Import Pipeline V2.
Refreshing native plugins compatible for Editor in 78.63 ms, found 1 plugins.
Preloading 0 native plugins for Editor in 0.00 ms.
Initialize engine version: 2020.3.5f1 (8095aa901b9b)
[Subsystems] Discovering subsystems at path /Applications/Unity/Hub/Editor/2020.3.5f1/Unity.app/Contents/Resources/UnitySubsystems
[Subsystems] Discovering subsystems at path /Users/sergioferia/Desktop/Unity3D/ProyectosUnity/CallOfGetafe/Assets
GfxDevice: creating device client; threaded=0
2021-05-20 08:37:33.398 Unity[1082:18681] PHL 223V5 preferred device: Intel HD Graphics 5000 (low power)
2021-05-20 08:37:33.398 Unity[1082:18681] Metal devices available: 1
2021-05-20 08:37:33.398 Unity[1082:18681] 0: Intel HD Graphics 5000 (low power)
2021-05-20 08:37:33.399 Unity[1082:18681] Using device Intel HD Graphics 5000 (low power)
Initializing Metal device caps: Intel HD Graphics 5000
Initialize mono
Mono path[0] = '/Applications/Unity/Hub/Editor/2020.3.5f1/Unity.app/Contents/Managed'
Mono path[1] = '/Applications/Unity/Hub/Editor/2020.3.5f1/Unity.app/Contents/MonoBleedingEdge/lib/mono/unityjit'
Mono config path = '/Applications/Unity/Hub/Editor/2020.3.5f1/Unity.app/Contents/MonoBleedingEdge/etc'
Using monoOptions --debugger-agent=transport=dt_socket,embedding=1,server=y,suspend=n,address=127.0.0.1:56082
Begin MonoManager ReloadAssembly
Registering precompiled unity dll's ...
Register platform support module: /Applications/Unity/Hub/Editor/2020.3.5f1/PlaybackEngines/WebGLSupport/UnityEditor.WebGL.Extensions.dll
Register platform support module: /Applications/Unity/Hub/Editor/2020.3.5f1/Unity.app/Contents/PlaybackEngines/MacStandaloneSupport/UnityEditor.OSXStandalone.Extensions.dll
Registered in 0.051382 seconds.
Native extension for OSXStandalone target not found
Native extension for WebGL target not found
Refreshing native plugins compatible for Editor in 58.96 ms, found 1 plugins.
Preloading 0 native plugins for Editor in 0.00 ms.
Mono: successfully reloaded assembly
- Completed reload, in  7.477 seconds
Platform modules already initialized, skipping
Registering precompiled user dll's ...
Registered in 0.012390 seconds.
Begin MonoManager ReloadAssembly
Native extension for OSXStandalone target not found
Native extension for WebGL target not found
Refreshing native plugins compatible for Editor in 0.52 ms, found 1 plugins.
Preloading 0 native plugins for Editor in 0.00 ms.
Mono: successfully reloaded assembly
- Completed reload, in  1.990 seconds
Platform modules already initialized, skipping
========================================================================
Worker process is ready to serve import requests
Launching external process: /Applications/Unity/Hub/Editor/2020.3.5f1/Unity.app/Contents/Tools/UnityShaderCompiler
Launched and connected shader compiler UnityShaderCompiler after 1.87 seconds
Refreshing native plugins compatible for Editor in 0.49 ms, found 1 plugins.
Preloading 0 native plugins for Editor in 0.00 ms.
Unloading 1730 Unused Serialized files (Serialized files now loaded: 0)
System memory in use before: 210.7 MB.
System memory in use after: 210.8 MB.

Unloading 78 unused Assets to reduce memory usage. Loaded Objects now: 2210.
Total: 3.348507 ms (FindLiveObjects: 0.319956 ms CreateObjectMapping: 0.081173 ms MarkObjects: 2.583623 ms  DeleteObjects: 0.362037 ms)

========================================================================
Received Import Request.
  path: Assets/_GameAssets/Scripts/Sounds/Playlist.cs
  artifactKey: Guid(5af5ed50161204a5ca62d4c40f11a562) Importer(815301076,1909f56bfc062723c751e8b465ee728b)
Start importing Assets/_GameAssets/Scripts/Sounds/Playlist.cs using Guid(5af5ed50161204a5ca62d4c40f11a562) Importer(815301076,1909f56bfc062723c751e8b465ee728b)  -> (artifact id: '06397a7610b2fb967a30c5d409faa73c') in 2.002606 seconds
  Import took 2.205055 seconds .

========================================================================
Received Prepare
Registering precompiled user dll's ...
Registered in 0.073357 seconds.
Begin MonoManager ReloadAssembly
Native extension for OSXStandalone target not found
Native extension for WebGL target not found
Refreshing native plugins compatible for Editor in 0.60 ms, found 1 plugins.
Preloading 0 native plugins for Editor in 0.00 ms.
Warning: Annotation not found!
UnityEngine.StackTraceUtility:ExtractStackTrace () (at /Users/bokken/buildslave/unity/build/Runtime/Export/Scripting/StackTrace.cs:37)
UnityEditor.ProBuilder.EditorUtility:SetGizmoIconEnabled (System.Type,bool) (at Library/PackageCache/com.unity.probuilder@4.5.0/Editor/EditorCore/EditorUtility.cs:593)
UnityEditor.ProBuilder.HierarchyListener:.cctor () (at Library/PackageCache/com.unity.probuilder@4.5.0/Editor/EditorCore/HierarchyListener.cs:21)
System.Runtime.CompilerServices.RuntimeHelpers:RunClassConstructor (System.RuntimeTypeHandle)
UnityEditor.EditorAssemblies:ProcessInitializeOnLoadAttributes (System.Type[]) (at /Users/bokken/buildslave/unity/build/Editor/Mono/EditorAssemblies.cs:114)

[Library/PackageCache/com.unity.probuilder@4.5.0/Editor/EditorCore/EditorUtility.cs line 593]

Mono: successfully reloaded assembly
- Completed reload, in  8.370 seconds
Platform modules already initialized, skipping
Refreshing native plugins compatible for Editor in 0.52 ms, found 1 plugins.
Preloading 0 native plugins for Editor in 0.00 ms.
Unloading 1645 Unused Serialized files (Serialized files now loaded: 0)
System memory in use before: 208.0 MB.
System memory in use after: 208.0 MB.

Unloading 7 unused Assets to reduce memory usage. Loaded Objects now: 2213.
Total: 3.309207 ms (FindLiveObjects: 0.325512 ms CreateObjectMapping: 0.081281 ms MarkObjects: 2.605151 ms  DeleteObjects: 0.296029 ms)

========================================================================
Received Prepare
Registering precompiled user dll's ...
Registered in 0.115388 seconds.
Begin MonoManager ReloadAssembly
Native extension for OSXStandalone target not found
Native extension for WebGL target not found
Refreshing native plugins compatible for Editor in 0.79 ms, found 1 plugins.
Preloading 0 native plugins for Editor in 0.00 ms.
Warning: Annotation not found!
UnityEngine.StackTraceUtility:ExtractStackTrace () (at /Users/bokken/buildslave/unity/build/Runtime/Export/Scripting/StackTrace.cs:37)
UnityEditor.ProBuilder.EditorUtility:SetGizmoIconEnabled (System.Type,bool) (at Library/PackageCache/com.unity.probuilder@4.5.0/Editor/EditorCore/EditorUtility.cs:593)
UnityEditor.ProBuilder.HierarchyListener:.cctor () (at Library/PackageCache/com.unity.probuilder@4.5.0/Editor/EditorCore/HierarchyListener.cs:21)
System.Runtime.CompilerServices.RuntimeHelpers:RunClassConstructor (System.RuntimeTypeHandle)
UnityEditor.EditorAssemblies:ProcessInitializeOnLoadAttributes (System.Type[]) (at /Users/bokken/buildslave/unity/build/Editor/Mono/EditorAssemblies.cs:114)

[Library/PackageCache/com.unity.probuilder@4.5.0/Editor/EditorCore/EditorUtility.cs line 593]

Mono: successfully reloaded assembly
- Completed reload, in  2.688 seconds
Platform modules already initialized, skipping
Refreshing native plugins compatible for Editor in 0.54 ms, found 1 plugins.
Preloading 0 native plugins for Editor in 0.00 ms.
Unloading 1645 Unused Serialized files (Serialized files now loaded: 0)
System memory in use before: 208.3 MB.
System memory in use after: 208.4 MB.

Unloading 7 unused Assets to reduce memory usage. Loaded Objects now: 2216.
Total: 4.415396 ms (FindLiveObjects: 0.512389 ms CreateObjectMapping: 0.124524 ms MarkObjects: 3.479296 ms  DeleteObjects: 0.296555 ms)

========================================================================
Received Import Request.
  Time since last request: 2221.516009 seconds.
  path: Assets/_GameAssets/Scenes
  artifactKey: Guid(6b4d88a8e8bcc4e7da112266a0dc3315) Importer(815301076,1909f56bfc062723c751e8b465ee728b)
Start importing Assets/_GameAssets/Scenes using Guid(6b4d88a8e8bcc4e7da112266a0dc3315) Importer(815301076,1909f56bfc062723c751e8b465ee728b)  -> (artifact id: '49f2b581e993e32a44c5ca482d83aea5') in 0.076670 seconds
  Import took 0.369704 seconds .

========================================================================
Received Import Request.
  Time since last request: 73.668694 seconds.
  path: Assets/_GameAssets/Scenes/AIScene.unity
  artifactKey: Guid(c221600f7c6064ff3a8997e82ba8cb58) Importer(815301076,1909f56bfc062723c751e8b465ee728b)
Start importing Assets/_GameAssets/Scenes/AIScene.unity using Guid(c221600f7c6064ff3a8997e82ba8cb58) Importer(815301076,1909f56bfc062723c751e8b465ee728b)  -> (artifact id: '277ccf1656af115c4a5a8a9122c1eea2') in 0.155376 seconds
  Import took 0.218441 seconds .

========================================================================
Received Import Request.
  Time since last request: 2505.894750 seconds.
  path: Assets/_GameAssets/Textures/Enemy
  artifactKey: Guid(b2a38c0f5597542b38426354f3926b6b) Importer(815301076,1909f56bfc062723c751e8b465ee728b)
Start importing Assets/_GameAssets/Textures/Enemy using Guid(b2a38c0f5597542b38426354f3926b6b) Importer(815301076,1909f56bfc062723c751e8b465ee728b)  -> (artifact id: '19fa7c7cc805c190d1d6ccb2daac190d') in 0.047063 seconds
  Import took 0.165219 seconds .

========================================================================
Received Import Request.
  Time since last request: 354.478134 seconds.
  path: Assets/_GameAssets/Textures/Enemy/Materials
  artifactKey: Guid(84395e96397f94fb0bcfa22022365b58) Importer(815301076,1909f56bfc062723c751e8b465ee728b)
Start importing Assets/_GameAssets/Textures/Enemy/Materials using Guid(84395e96397f94fb0bcfa22022365b58) Importer(815301076,1909f56bfc062723c751e8b465ee728b)  -> (artifact id: '99e526ec612f1fc2f2cfc07546c61401') in 0.092044 seconds
  Import took 0.149057 seconds .

========================================================================
Received Import Request.
  Time since last request: 25.602799 seconds.
  path: Assets/_GameAssets/Materials/GoofyEnemy
  artifactKey: Guid(84395e96397f94fb0bcfa22022365b58) Importer(815301076,1909f56bfc062723c751e8b465ee728b)
Start importing Assets/_GameAssets/Materials/GoofyEnemy using Guid(84395e96397f94fb0bcfa22022365b58) Importer(815301076,1909f56bfc062723c751e8b465ee728b)  -> (artifact id: '4bc96611f165d5c4609d85f5dec6dee7') in 0.055819 seconds
  Import took 0.063974 seconds .

========================================================================
Received Import Request.
  Time since last request: 196.917175 seconds.
  path: Assets/_GameAssets/Scripts/Enemies
  artifactKey: Guid(ee5a53fa97940419aad636d77bb7e5f7) Importer(815301076,1909f56bfc062723c751e8b465ee728b)
Start importing Assets/_GameAssets/Scripts/Enemies using Guid(ee5a53fa97940419aad636d77bb7e5f7) Importer(815301076,1909f56bfc062723c751e8b465ee728b)  -> (artifact id: 'e5a750229ce8e6c82af3c415e6ae51f6') in 0.062127 seconds
  Import took 0.138165 seconds .

========================================================================
Received Import Request.
  Time since last request: 534.577760 seconds.
  path: Assets/_GameAssets/Scripts/Enemies/Enemy.cs
  artifactKey: Guid(0a167aac7d86b4d2aaae45a37b7d293f) Importer(815301076,1909f56bfc062723c751e8b465ee728b)
Start importing Assets/_GameAssets/Scripts/Enemies/Enemy.cs using Guid(0a167aac7d86b4d2aaae45a37b7d293f) Importer(815301076,1909f56bfc062723c751e8b465ee728b)  -> (artifact id: '90844385f4f33078cfd22373c041447d') in 0.258403 seconds
  Import took 0.347235 seconds .

========================================================================
Received Prepare
Registering precompiled user dll's ...
Registered in 0.087957 seconds.
Begin MonoManager ReloadAssembly
Native extension for OSXStandalone target not found
Native extension for WebGL target not found
Refreshing native plugins compatible for Editor in 1.09 ms, found 1 plugins.
Preloading 0 native plugins for Editor in 0.00 ms.
Warning: Annotation not found!
UnityEngine.StackTraceUtility:ExtractStackTrace () (at /Users/bokken/buildslave/unity/build/Runtime/Export/Scripting/StackTrace.cs:37)
UnityEditor.ProBuilder.EditorUtility:SetGizmoIconEnabled (System.Type,bool) (at Library/PackageCache/com.unity.probuilder@4.5.0/Editor/EditorCore/EditorUtility.cs:593)
UnityEditor.ProBuilder.HierarchyListener:.cctor () (at Library/PackageCache/com.unity.probuilder@4.5.0/Editor/EditorCore/HierarchyListener.cs:21)
System.Runtime.CompilerServices.RuntimeHelpers:RunClassConstructor (System.RuntimeTypeHandle)
UnityEditor.EditorAssemblies:ProcessInitializeOnLoadAttributes (System.Type[]) (at /Users/bokken/buildslave/unity/build/Editor/Mono/EditorAssemblies.cs:114)

[Library/PackageCache/com.unity.probuilder@4.5.0/Editor/EditorCore/EditorUtility.cs line 593]

Mono: successfully reloaded assembly
- Completed reload, in  2.462 seconds
Platform modules already initialized, skipping
Refreshing native plugins compatible for Editor in 0.55 ms, found 1 plugins.
Preloading 0 native plugins for Editor in 0.00 ms.
Unloading 1646 Unused Serialized files (Serialized files now loaded: 0)
System memory in use before: 208.7 MB.
System memory in use after: 208.7 MB.

Unloading 7 unused Assets to reduce memory usage. Loaded Objects now: 2220.
Total: 5.481073 ms (FindLiveObjects: 0.303400 ms CreateObjectMapping: 0.076815 ms MarkObjects: 4.759122 ms  DeleteObjects: 0.339505 ms)

========================================================================
Received Import Request.
  Time since last request: 2514.529959 seconds.
  path: Assets/_GameAssets/Textures/Enemy/enemigoTonto.jpg
  artifactKey: Guid(ba0e4d717bf664529a76a3052b643d4e) Importer(815301076,1909f56bfc062723c751e8b465ee728b)
Start importing Assets/_GameAssets/Textures/Enemy/enemigoTonto.jpg using Guid(ba0e4d717bf664529a76a3052b643d4e) Importer(815301076,1909f56bfc062723c751e8b465ee728b)  -> (artifact id: '5b8379724574dcc8770210635c249994') in 3.766640 seconds
  Import took 3.884152 seconds .

========================================================================
Received Prepare
Registering precompiled user dll's ...
Registered in 0.001312 seconds.
Begin MonoManager ReloadAssembly
Native extension for OSXStandalone target not found
Native extension for WebGL target not found
Refreshing native plugins compatible for Editor in 0.67 ms, found 1 plugins.
Preloading 0 native plugins for Editor in 0.00 ms.
Warning: Annotation not found!
UnityEngine.StackTraceUtility:ExtractStackTrace () (at /Users/bokken/buildslave/unity/build/Runtime/Export/Scripting/StackTrace.cs:37)
UnityEditor.ProBuilder.EditorUtility:SetGizmoIconEnabled (System.Type,bool) (at Library/PackageCache/com.unity.probuilder@4.5.0/Editor/EditorCore/EditorUtility.cs:593)
UnityEditor.ProBuilder.HierarchyListener:.cctor () (at Library/PackageCache/com.unity.probuilder@4.5.0/Editor/EditorCore/HierarchyListener.cs:21)
System.Runtime.CompilerServices.RuntimeHelpers:RunClassConstructor (System.RuntimeTypeHandle)
UnityEditor.EditorAssemblies:ProcessInitializeOnLoadAttributes (System.Type[]) (at /Users/bokken/buildslave/unity/build/Editor/Mono/EditorAssemblies.cs:114)

[Library/PackageCache/com.unity.probuilder@4.5.0/Editor/EditorCore/EditorUtility.cs line 593]

Mono: successfully reloaded assembly
- Completed reload, in  3.529 seconds
Platform modules already initialized, skipping
Script is not up to date after domain reload: guid(0a167aac7d86b4d2aaae45a37b7d293f) path("Assets/_GameAssets/Scripts/Enemies/Enemy.cs") state(2)
Refreshing native plugins compatible for Editor in 0.67 ms, found 1 plugins.
Preloading 0 native plugins for Editor in 0.00 ms.
Unloading 1645 Unused Serialized files (Serialized files now loaded: 0)
System memory in use before: 213.2 MB.
System memory in use after: 213.2 MB.

Unloading 8 unused Assets to reduce memory usage. Loaded Objects now: 2224.
Total: 5.770595 ms (FindLiveObjects: 0.379774 ms CreateObjectMapping: 0.106016 ms MarkObjects: 4.976599 ms  DeleteObjects: 0.306493 ms)

========================================================================
Received Prepare
Registering precompiled user dll's ...
Registered in 0.085575 seconds.
Begin MonoManager ReloadAssembly
Native extension for OSXStandalone target not found
Native extension for WebGL target not found
Refreshing native plugins compatible for Editor in 0.60 ms, found 1 plugins.
Preloading 0 native plugins for Editor in 0.00 ms.
Warning: Annotation not found!
UnityEngine.StackTraceUtility:ExtractStackTrace () (at /Users/bokken/buildslave/unity/build/Runtime/Export/Scripting/StackTrace.cs:37)
UnityEditor.ProBuilder.EditorUtility:SetGizmoIconEnabled (System.Type,bool) (at Library/PackageCache/com.unity.probuilder@4.5.0/Editor/EditorCore/EditorUtility.cs:593)
UnityEditor.ProBuilder.HierarchyListener:.cctor () (at Library/PackageCache/com.unity.probuilder@4.5.0/Editor/EditorCore/HierarchyListener.cs:21)
System.Runtime.CompilerServices.RuntimeHelpers:RunClassConstructor (System.RuntimeTypeHandle)
UnityEditor.EditorAssemblies:ProcessInitializeOnLoadAttributes (System.Type[]) (at /Users/bokken/buildslave/unity/build/Editor/Mono/EditorAssemblies.cs:114)

[Library/PackageCache/com.unity.probuilder@4.5.0/Editor/EditorCore/EditorUtility.cs line 593]

Mono: successfully reloaded assembly
- Completed reload, in  2.834 seconds
Platform modules already initialized, skipping
Script is not up to date after domain reload: guid(ed450459505fc47dfbdf20c79a7b8df5) path("Assets/_GameAssets/Scripts/Enemies/GoofyEnemy.cs") state(2)
Refreshing native plugins compatible for Editor in 0.68 ms, found 1 plugins.
Preloading 0 native plugins for Editor in 0.00 ms.
Unloading 1646 Unused Serialized files (Serialized files now loaded: 0)
System memory in use before: 213.5 MB.
System memory in use after: 213.6 MB.

Unloading 7 unused Assets to reduce memory usage. Loaded Objects now: 2228.
Total: 5.471823 ms (FindLiveObjects: 0.694046 ms CreateObjectMapping: 0.210421 ms MarkObjects: 4.304551 ms  DeleteObjects: 0.258838 ms)

========================================================================
Received Prepare
Registering precompiled user dll's ...
Registered in 0.001622 seconds.
Begin MonoManager ReloadAssembly
Native extension for OSXStandalone target not found
Native extension for WebGL target not found
Refreshing native plugins compatible for Editor in 0.69 ms, found 1 plugins.
Preloading 0 native plugins for Editor in 0.00 ms.
Warning: Annotation not found!
UnityEngine.StackTraceUtility:ExtractStackTrace () (at /Users/bokken/buildslave/unity/build/Runtime/Export/Scripting/StackTrace.cs:37)
UnityEditor.ProBuilder.EditorUtility:SetGizmoIconEnabled (System.Type,bool) (at Library/PackageCache/com.unity.probuilder@4.5.0/Editor/EditorCore/EditorUtility.cs:593)
UnityEditor.ProBuilder.HierarchyListener:.cctor () (at Library/PackageCache/com.unity.probuilder@4.5.0/Editor/EditorCore/HierarchyListener.cs:21)
System.Runtime.CompilerServices.RuntimeHelpers:RunClassConstructor (System.RuntimeTypeHandle)
UnityEditor.EditorAssemblies:ProcessInitializeOnLoadAttributes (System.Type[]) (at /Users/bokken/buildslave/unity/build/Editor/Mono/EditorAssemblies.cs:114)

[Library/PackageCache/com.unity.probuilder@4.5.0/Editor/EditorCore/EditorUtility.cs line 593]

Mono: successfully reloaded assembly
- Completed reload, in  1.826 seconds
Platform modules already initialized, skipping
Refreshing native plugins compatible for Editor in 0.77 ms, found 1 plugins.
Preloading 0 native plugins for Editor in 0.00 ms.
Unloading 1648 Unused Serialized files (Serialized files now loaded: 0)
System memory in use before: 213.9 MB.
System memory in use after: 213.9 MB.

Unloading 7 unused Assets to reduce memory usage. Loaded Objects now: 2233.
Total: 4.580682 ms (FindLiveObjects: 0.393510 ms CreateObjectMapping: 0.210171 ms MarkObjects: 3.476132 ms  DeleteObjects: 0.497736 ms)

========================================================================
Received Import Request.
  Time since last request: 1423.115366 seconds.
  path: Assets/_GameAssets/Scripts/Enemies/GoofyEnemy.cs
  artifactKey: Guid(ed450459505fc47dfbdf20c79a7b8df5) Importer(815301076,1909f56bfc062723c751e8b465ee728b)
Start importing Assets/_GameAssets/Scripts/Enemies/GoofyEnemy.cs using Guid(ed450459505fc47dfbdf20c79a7b8df5) Importer(815301076,1909f56bfc062723c751e8b465ee728b)  -> (artifact id: '0226b6fafeba4d779e737a87daf8f797') in 0.130689 seconds
  Import took 0.163879 seconds .

========================================================================
Received Prepare
Registering precompiled user dll's ...
Registered in 0.062150 seconds.
Begin MonoManager ReloadAssembly
Native extension for OSXStandalone target not found
Native extension for WebGL target not found
Refreshing native plugins compatible for Editor in 3.31 ms, found 1 plugins.
Preloading 0 native plugins for Editor in 0.00 ms.
Warning: Annotation not found!
UnityEngine.StackTraceUtility:ExtractStackTrace () (at /Users/bokken/buildslave/unity/build/Runtime/Export/Scripting/StackTrace.cs:37)
UnityEditor.ProBuilder.EditorUtility:SetGizmoIconEnabled (System.Type,bool) (at Library/PackageCache/com.unity.probuilder@4.5.0/Editor/EditorCore/EditorUtility.cs:593)
UnityEditor.ProBuilder.HierarchyListener:.cctor () (at Library/PackageCache/com.unity.probuilder@4.5.0/Editor/EditorCore/HierarchyListener.cs:21)
System.Runtime.CompilerServices.RuntimeHelpers:RunClassConstructor (System.RuntimeTypeHandle)
UnityEditor.EditorAssemblies:ProcessInitializeOnLoadAttributes (System.Type[]) (at /Users/bokken/buildslave/unity/build/Editor/Mono/EditorAssemblies.cs:114)

[Library/PackageCache/com.unity.probuilder@4.5.0/Editor/EditorCore/EditorUtility.cs line 593]

Mono: successfully reloaded assembly
- Completed reload, in  5.786 seconds
Platform modules already initialized, skipping
Refreshing native plugins compatible for Editor in 0.74 ms, found 1 plugins.
Preloading 0 native plugins for Editor in 0.00 ms.
Unloading 1648 Unused Serialized files (Serialized files now loaded: 0)
System memory in use before: 214.2 MB.
System memory in use after: 214.2 MB.

Unloading 7 unused Assets to reduce memory usage. Loaded Objects now: 2236.
Total: 3.761617 ms (FindLiveObjects: 0.432264 ms CreateObjectMapping: 0.109054 ms MarkObjects: 2.805907 ms  DeleteObjects: 0.412576 ms)

========================================================================
Received Prepare
Registering precompiled user dll's ...
Registered in 0.000945 seconds.
Begin MonoManager ReloadAssembly
Native extension for OSXStandalone target not found
Native extension for WebGL target not found
Refreshing native plugins compatible for Editor in 0.59 ms, found 1 plugins.
Preloading 0 native plugins for Editor in 0.00 ms.
Warning: Annotation not found!
UnityEngine.StackTraceUtility:ExtractStackTrace () (at /Users/bokken/buildslave/unity/build/Runtime/Export/Scripting/StackTrace.cs:37)
UnityEditor.ProBuilder.EditorUtility:SetGizmoIconEnabled (System.Type,bool) (at Library/PackageCache/com.unity.probuilder@4.5.0/Editor/EditorCore/EditorUtility.cs:593)
UnityEditor.ProBuilder.HierarchyListener:.cctor () (at Library/PackageCache/com.unity.probuilder@4.5.0/Editor/EditorCore/HierarchyListener.cs:21)
System.Runtime.CompilerServices.RuntimeHelpers:RunClassConstructor (System.RuntimeTypeHandle)
UnityEditor.EditorAssemblies:ProcessInitializeOnLoadAttributes (System.Type[]) (at /Users/bokken/buildslave/unity/build/Editor/Mono/EditorAssemblies.cs:114)

[Library/PackageCache/com.unity.probuilder@4.5.0/Editor/EditorCore/EditorUtility.cs line 593]

Mono: successfully reloaded assembly
- Completed reload, in  5.725 seconds
Platform modules already initialized, skipping
Refreshing native plugins compatible for Editor in 1.13 ms, found 1 plugins.
Preloading 0 native plugins for Editor in 0.00 ms.
Unloading 1648 Unused Serialized files (Serialized files now loaded: 0)
System memory in use before: 214.5 MB.
System memory in use after: 214.5 MB.

Unloading 7 unused Assets to reduce memory usage. Loaded Objects now: 2239.
Total: 5.848466 ms (FindLiveObjects: 0.289103 ms CreateObjectMapping: 0.098084 ms MarkObjects: 5.145837 ms  DeleteObjects: 0.312419 ms)

========================================================================
Received Prepare
Registering precompiled user dll's ...
Registered in 0.012888 seconds.
Begin MonoManager ReloadAssembly
Native extension for OSXStandalone target not found
Native extension for WebGL target not found
Refreshing native plugins compatible for Editor in 0.54 ms, found 1 plugins.
Preloading 0 native plugins for Editor in 0.00 ms.
Warning: Annotation not found!
UnityEngine.StackTraceUtility:ExtractStackTrace () (at /Users/bokken/buildslave/unity/build/Runtime/Export/Scripting/StackTrace.cs:37)
UnityEditor.ProBuilder.EditorUtility:SetGizmoIconEnabled (System.Type,bool) (at Library/PackageCache/com.unity.probuilder@4.5.0/Editor/EditorCore/EditorUtility.cs:593)
UnityEditor.ProBuilder.HierarchyListener:.cctor () (at Library/PackageCache/com.unity.probuilder@4.5.0/Editor/EditorCore/HierarchyListener.cs:21)
System.Runtime.CompilerServices.RuntimeHelpers:RunClassConstructor (System.RuntimeTypeHandle)
UnityEditor.EditorAssemblies:ProcessInitializeOnLoadAttributes (System.Type[]) (at /Users/bokken/buildslave/unity/build/Editor/Mono/EditorAssemblies.cs:114)

[Library/PackageCache/com.unity.probuilder@4.5.0/Editor/EditorCore/EditorUtility.cs line 593]

Mono: successfully reloaded assembly
- Completed reload, in  2.964 seconds
Platform modules already initialized, skipping
Refreshing native plugins compatible for Editor in 0.53 ms, found 1 plugins.
Preloading 0 native plugins for Editor in 0.00 ms.
Unloading 1648 Unused Serialized files (Serialized files now loaded: 0)
System memory in use before: 214.8 MB.
System memory in use after: 214.8 MB.

Unloading 7 unused Assets to reduce memory usage. Loaded Objects now: 2242.
Total: 4.079185 ms (FindLiveObjects: 0.328637 ms CreateObjectMapping: 0.121417 ms MarkObjects: 3.278803 ms  DeleteObjects: 0.347713 ms)

========================================================================
Received Import Request.
  Time since last request: 426.097282 seconds.
  path: Assets/Standard Assets/Characters/FirstPersonCharacter/Prefabs
  artifactKey: Guid(0bfb2599080d5d24e84362b4ae314ae7) Importer(815301076,1909f56bfc062723c751e8b465ee728b)
Start importing Assets/Standard Assets/Characters/FirstPersonCharacter/Prefabs using Guid(0bfb2599080d5d24e84362b4ae314ae7) Importer(815301076,1909f56bfc062723c751e8b465ee728b)  -> (artifact id: '8e6c06f7f8187cc48599e1e3ba7a07a3') in 0.112460 seconds
  Import took 0.256314 seconds .

========================================================================
Received Prepare
Registering precompiled user dll's ...
Registered in 0.046594 seconds.
Begin MonoManager ReloadAssembly
Native extension for OSXStandalone target not found
Native extension for WebGL target not found
Refreshing native plugins compatible for Editor in 0.61 ms, found 1 plugins.
Preloading 0 native plugins for Editor in 0.00 ms.
Warning: Annotation not found!
UnityEngine.StackTraceUtility:ExtractStackTrace () (at /Users/bokken/buildslave/unity/build/Runtime/Export/Scripting/StackTrace.cs:37)
UnityEditor.ProBuilder.EditorUtility:SetGizmoIconEnabled (System.Type,bool) (at Library/PackageCache/com.unity.probuilder@4.5.0/Editor/EditorCore/EditorUtility.cs:593)
UnityEditor.ProBuilder.HierarchyListener:.cctor () (at Library/PackageCache/com.unity.probuilder@4.5.0/Editor/EditorCore/HierarchyListener.cs:21)
System.Runtime.CompilerServices.RuntimeHelpers:RunClassConstructor (System.RuntimeTypeHandle)
UnityEditor.EditorAssemblies:ProcessInitializeOnLoadAttributes (System.Type[]) (at /Users/bokken/buildslave/unity/build/Editor/Mono/EditorAssemblies.cs:114)

[Library/PackageCache/com.unity.probuilder@4.5.0/Editor/EditorCore/EditorUtility.cs line 593]

Mono: successfully reloaded assembly
- Completed reload, in  2.478 seconds
Platform modules already initialized, skipping
Refreshing native plugins compatible for Editor in 0.54 ms, found 1 plugins.
Preloading 0 native plugins for Editor in 0.00 ms.
Unloading 1648 Unused Serialized files (Serialized files now loaded: 0)
System memory in use before: 215.0 MB.
System memory in use after: 215.1 MB.

Unloading 7 unused Assets to reduce memory usage. Loaded Objects now: 2245.
Total: 5.307174 ms (FindLiveObjects: 0.293929 ms CreateObjectMapping: 0.110723 ms MarkObjects: 4.359385 ms  DeleteObjects: 0.539953 ms)

========================================================================
Received Prepare
Registering precompiled user dll's ...
Registered in 0.189122 seconds.
Begin MonoManager ReloadAssembly
Native extension for OSXStandalone target not found
Native extension for WebGL target not found
Refreshing native plugins compatible for Editor in 0.83 ms, found 1 plugins.
Preloading 0 native plugins for Editor in 0.00 ms.
Warning: Annotation not found!
UnityEngine.StackTraceUtility:ExtractStackTrace () (at /Users/bokken/buildslave/unity/build/Runtime/Export/Scripting/StackTrace.cs:37)
UnityEditor.ProBuilder.EditorUtility:SetGizmoIconEnabled (System.Type,bool) (at Library/PackageCache/com.unity.probuilder@4.5.0/Editor/EditorCore/EditorUtility.cs:593)
UnityEditor.ProBuilder.HierarchyListener:.cctor () (at Library/PackageCache/com.unity.probuilder@4.5.0/Editor/EditorCore/HierarchyListener.cs:21)
System.Runtime.CompilerServices.RuntimeHelpers:RunClassConstructor (System.RuntimeTypeHandle)
UnityEditor.EditorAssemblies:ProcessInitializeOnLoadAttributes (System.Type[]) (at /Users/bokken/buildslave/unity/build/Editor/Mono/EditorAssemblies.cs:114)

[Library/PackageCache/com.unity.probuilder@4.5.0/Editor/EditorCore/EditorUtility.cs line 593]

Mono: successfully reloaded assembly
- Completed reload, in  3.731 seconds
Platform modules already initialized, skipping
Refreshing native plugins compatible for Editor in 0.60 ms, found 1 plugins.
Preloading 0 native plugins for Editor in 0.00 ms.
Unloading 1648 Unused Serialized files (Serialized files now loaded: 0)
System memory in use before: 215.3 MB.
System memory in use after: 215.4 MB.

Unloading 7 unused Assets to reduce memory usage. Loaded Objects now: 2248.
Total: 13.424740 ms (FindLiveObjects: 3.526465 ms CreateObjectMapping: 0.379656 ms MarkObjects: 9.160243 ms  DeleteObjects: 0.354547 ms)

========================================================================
Received Prepare
Registering precompiled user dll's ...
Registered in 0.062907 seconds.
Begin MonoManager ReloadAssembly
Native extension for OSXStandalone target not found
Native extension for WebGL target not found
Refreshing native plugins compatible for Editor in 0.54 ms, found 1 plugins.
Preloading 0 native plugins for Editor in 0.00 ms.
Warning: Annotation not found!
UnityEngine.StackTraceUtility:ExtractStackTrace () (at /Users/bokken/buildslave/unity/build/Runtime/Export/Scripting/StackTrace.cs:37)
UnityEditor.ProBuilder.EditorUtility:SetGizmoIconEnabled (System.Type,bool) (at Library/PackageCache/com.unity.probuilder@4.5.0/Editor/EditorCore/EditorUtility.cs:593)
UnityEditor.ProBuilder.HierarchyListener:.cctor () (at Library/PackageCache/com.unity.probuilder@4.5.0/Editor/EditorCore/HierarchyListener.cs:21)
System.Runtime.CompilerServices.RuntimeHelpers:RunClassConstructor (System.RuntimeTypeHandle)
UnityEditor.EditorAssemblies:ProcessInitializeOnLoadAttributes (System.Type[]) (at /Users/bokken/buildslave/unity/build/Editor/Mono/EditorAssemblies.cs:114)

[Library/PackageCache/com.unity.probuilder@4.5.0/Editor/EditorCore/EditorUtility.cs line 593]

Mono: successfully reloaded assembly
- Completed reload, in  2.163 seconds
Platform modules already initialized, skipping
Refreshing native plugins compatible for Editor in 0.82 ms, found 1 plugins.
Preloading 0 native plugins for Editor in 0.00 ms.
Unloading 1648 Unused Serialized files (Serialized files now loaded: 0)
System memory in use before: 215.6 MB.
System memory in use after: 215.7 MB.

Unloading 7 unused Assets to reduce memory usage. Loaded Objects now: 2251.
Total: 4.192415 ms (FindLiveObjects: 0.558073 ms CreateObjectMapping: 0.223920 ms MarkObjects: 3.131644 ms  DeleteObjects: 0.275500 ms)

========================================================================
Received Prepare
Registering precompiled user dll's ...
Registered in 0.037904 seconds.
Begin MonoManager ReloadAssembly
Native extension for OSXStandalone target not found
Native extension for WebGL target not found
Refreshing native plugins compatible for Editor in 0.50 ms, found 1 plugins.
Preloading 0 native plugins for Editor in 0.00 ms.
Warning: Annotation not found!
UnityEngine.StackTraceUtility:ExtractStackTrace () (at /Users/bokken/buildslave/unity/build/Runtime/Export/Scripting/StackTrace.cs:37)
UnityEditor.ProBuilder.EditorUtility:SetGizmoIconEnabled (System.Type,bool) (at Library/PackageCache/com.unity.probuilder@4.5.0/Editor/EditorCore/EditorUtility.cs:593)
UnityEditor.ProBuilder.HierarchyListener:.cctor () (at Library/PackageCache/com.unity.probuilder@4.5.0/Editor/EditorCore/HierarchyListener.cs:21)
System.Runtime.CompilerServices.RuntimeHelpers:RunClassConstructor (System.RuntimeTypeHandle)
UnityEditor.EditorAssemblies:ProcessInitializeOnLoadAttributes (System.Type[]) (at /Users/bokken/buildslave/unity/build/Editor/Mono/EditorAssemblies.cs:114)

[Library/PackageCache/com.unity.probuilder@4.5.0/Editor/EditorCore/EditorUtility.cs line 593]

Mono: successfully reloaded assembly
- Completed reload, in  1.997 seconds
Platform modules already initialized, skipping
Refreshing native plugins compatible for Editor in 1.00 ms, found 1 plugins.
Preloading 0 native plugins for Editor in 0.00 ms.
Unloading 1648 Unused Serialized files (Serialized files now loaded: 0)
System memory in use before: 215.9 MB.
System memory in use after: 216.0 MB.

Unloading 7 unused Assets to reduce memory usage. Loaded Objects now: 2254.
Total: 3.527398 ms (FindLiveObjects: 0.253643 ms CreateObjectMapping: 0.085403 ms MarkObjects: 2.945958 ms  DeleteObjects: 0.239462 ms)

========================================================================
Received Prepare
Registering precompiled user dll's ...
Registered in 0.053667 seconds.
Begin MonoManager ReloadAssembly
Native extension for OSXStandalone target not found
Native extension for WebGL target not found
Refreshing native plugins compatible for Editor in 0.53 ms, found 1 plugins.
Preloading 0 native plugins for Editor in 0.00 ms.
Warning: Annotation not found!
UnityEngine.StackTraceUtility:ExtractStackTrace () (at /Users/bokken/buildslave/unity/build/Runtime/Export/Scripting/StackTrace.cs:37)
UnityEditor.ProBuilder.EditorUtility:SetGizmoIconEnabled (System.Type,bool) (at Library/PackageCache/com.unity.probuilder@4.5.0/Editor/EditorCore/EditorUtility.cs:593)
UnityEditor.ProBuilder.HierarchyListener:.cctor () (at Library/PackageCache/com.unity.probuilder@4.5.0/Editor/EditorCore/HierarchyListener.cs:21)
System.Runtime.CompilerServices.RuntimeHelpers:RunClassConstructor (System.RuntimeTypeHandle)
UnityEditor.EditorAssemblies:ProcessInitializeOnLoadAttributes (System.Type[]) (at /Users/bokken/buildslave/unity/build/Editor/Mono/EditorAssemblies.cs:114)

[Library/PackageCache/com.unity.probuilder@4.5.0/Editor/EditorCore/EditorUtility.cs line 593]

Mono: successfully reloaded assembly
- Completed reload, in  2.498 seconds
Platform modules already initialized, skipping
Refreshing native plugins compatible for Editor in 0.53 ms, found 1 plugins.
Preloading 0 native plugins for Editor in 0.00 ms.
Unloading 1648 Unused Serialized files (Serialized files now loaded: 0)
System memory in use before: 216.2 MB.
System memory in use after: 216.3 MB.

Unloading 7 unused Assets to reduce memory usage. Loaded Objects now: 2257.
Total: 3.519709 ms (FindLiveObjects: 0.316242 ms CreateObjectMapping: 0.075386 ms MarkObjects: 2.888789 ms  DeleteObjects: 0.237290 ms)

========================================================================
Received Import Request.
  Time since last request: 1931.881406 seconds.
  path: Assets/_GameAssets/Textures/Enemy/enemigoListo.jpg
  artifactKey: Guid(dcd2492820d674e048dab0c1d7f7bcd1) Importer(815301076,1909f56bfc062723c751e8b465ee728b)
Start importing Assets/_GameAssets/Textures/Enemy/enemigoListo.jpg using Guid(dcd2492820d674e048dab0c1d7f7bcd1) Importer(815301076,1909f56bfc062723c751e8b465ee728b)  -> (artifact id: '7329f7d060e2c15bde0203c42a287d5d') in 0.170586 seconds
  Import took 0.239648 seconds .

========================================================================
Received Import Request.
  Time since last request: 1326.923078 seconds.
  path: Assets/_GameAssets/Textures/Enemy/Materials
  artifactKey: Guid(34af2d3250d1f4e6e94e4a3ec73ada12) Importer(815301076,1909f56bfc062723c751e8b465ee728b)
Start importing Assets/_GameAssets/Textures/Enemy/Materials using Guid(34af2d3250d1f4e6e94e4a3ec73ada12) Importer(815301076,1909f56bfc062723c751e8b465ee728b)  -> (artifact id: '00b39d6789f4fce9644d0bbff520c7ac') in 0.092600 seconds
  Import took 0.138227 seconds .

========================================================================
Received Import Request.
  Time since last request: 552.216610 seconds.
  path: Assets/_GameAssets/Scripts/Enemies/Enemy.cs
  artifactKey: Guid(0a167aac7d86b4d2aaae45a37b7d293f) Importer(815301076,1909f56bfc062723c751e8b465ee728b)
Start importing Assets/_GameAssets/Scripts/Enemies/Enemy.cs using Guid(0a167aac7d86b4d2aaae45a37b7d293f) Importer(815301076,1909f56bfc062723c751e8b465ee728b)  -> (artifact id: 'eb1caf147c20bae3366c5eee33d7e248') in 0.059532 seconds
  Import took 0.234481 seconds .

========================================================================
Received Import Request.
  Time since last request: 6.287593 seconds.
  path: Assets/_GameAssets/Scripts/Enemies/Enemy.cs
  artifactKey: Guid(0a167aac7d86b4d2aaae45a37b7d293f) Importer(815301076,1909f56bfc062723c751e8b465ee728b)
Start importing Assets/_GameAssets/Scripts/Enemies/Enemy.cs using Guid(0a167aac7d86b4d2aaae45a37b7d293f) Importer(815301076,1909f56bfc062723c751e8b465ee728b)  -> (artifact id: 'eb1caf147c20bae3366c5eee33d7e248') in 0.025638 seconds
  Import took 0.141715 seconds .

========================================================================
Received Import Request.
  Time since last request: 2623.293826 seconds.
  path: Assets/_GameAssets/Scripts/Enemies/MobileEnemy.cs
  artifactKey: Guid(14d4909c8f17d4b8ab3ac08816b5f2e7) Importer(815301076,1909f56bfc062723c751e8b465ee728b)
Start importing Assets/_GameAssets/Scripts/Enemies/MobileEnemy.cs using Guid(14d4909c8f17d4b8ab3ac08816b5f2e7) Importer(815301076,1909f56bfc062723c751e8b465ee728b)  -> (artifact id: '50d2efdfe0dd23ff09c9da9eb44cb13b') in 0.093184 seconds
  Import took 0.216781 seconds .

========================================================================
Received Prepare
Registering precompiled user dll's ...
Registered in 0.050418 seconds.
Begin MonoManager ReloadAssembly
Native extension for OSXStandalone target not found
Native extension for WebGL target not found
Refreshing native plugins compatible for Editor in 0.77 ms, found 1 plugins.
Preloading 0 native plugins for Editor in 0.00 ms.
Warning: Annotation not found!
UnityEngine.StackTraceUtility:ExtractStackTrace () (at /Users/bokken/buildslave/unity/build/Runtime/Export/Scripting/StackTrace.cs:37)
UnityEditor.ProBuilder.EditorUtility:SetGizmoIconEnabled (System.Type,bool) (at Library/PackageCache/com.unity.probuilder@4.5.0/Editor/EditorCore/EditorUtility.cs:593)
UnityEditor.ProBuilder.HierarchyListener:.cctor () (at Library/PackageCache/com.unity.probuilder@4.5.0/Editor/EditorCore/HierarchyListener.cs:21)
System.Runtime.CompilerServices.RuntimeHelpers:RunClassConstructor (System.RuntimeTypeHandle)
UnityEditor.EditorAssemblies:ProcessInitializeOnLoadAttributes (System.Type[]) (at /Users/bokken/buildslave/unity/build/Editor/Mono/EditorAssemblies.cs:114)

[Library/PackageCache/com.unity.probuilder@4.5.0/Editor/EditorCore/EditorUtility.cs line 593]

Mono: successfully reloaded assembly
- Completed reload, in  2.588 seconds
Platform modules already initialized, skipping
Refreshing native plugins compatible for Editor in 0.54 ms, found 1 plugins.
Preloading 0 native plugins for Editor in 0.00 ms.
Unloading 1649 Unused Serialized files (Serialized files now loaded: 0)
System memory in use before: 216.6 MB.
System memory in use after: 216.6 MB.

Unloading 7 unused Assets to reduce memory usage. Loaded Objects now: 2261.
Total: 4.098929 ms (FindLiveObjects: 0.339642 ms CreateObjectMapping: 0.121508 ms MarkObjects: 3.342050 ms  DeleteObjects: 0.293935 ms)

========================================================================
Received Prepare
Registering precompiled user dll's ...
Registered in 0.000819 seconds.
Begin MonoManager ReloadAssembly
Native extension for OSXStandalone target not found
Native extension for WebGL target not found
Refreshing native plugins compatible for Editor in 0.61 ms, found 1 plugins.
Preloading 0 native plugins for Editor in 0.00 ms.
Warning: Annotation not found!
UnityEngine.StackTraceUtility:ExtractStackTrace () (at /Users/bokken/buildslave/unity/build/Runtime/Export/Scripting/StackTrace.cs:37)
UnityEditor.ProBuilder.EditorUtility:SetGizmoIconEnabled (System.Type,bool) (at Library/PackageCache/com.unity.probuilder@4.5.0/Editor/EditorCore/EditorUtility.cs:593)
UnityEditor.ProBuilder.HierarchyListener:.cctor () (at Library/PackageCache/com.unity.probuilder@4.5.0/Editor/EditorCore/HierarchyListener.cs:21)
System.Runtime.CompilerServices.RuntimeHelpers:RunClassConstructor (System.RuntimeTypeHandle)
UnityEditor.EditorAssemblies:ProcessInitializeOnLoadAttributes (System.Type[]) (at /Users/bokken/buildslave/unity/build/Editor/Mono/EditorAssemblies.cs:114)

[Library/PackageCache/com.unity.probuilder@4.5.0/Editor/EditorCore/EditorUtility.cs line 593]

Mono: successfully reloaded assembly
- Completed reload, in  2.181 seconds
Platform modules already initialized, skipping
Refreshing native plugins compatible for Editor in 0.51 ms, found 1 plugins.
Preloading 0 native plugins for Editor in 0.00 ms.
Unloading 1649 Unused Serialized files (Serialized files now loaded: 0)
System memory in use before: 216.9 MB.
System memory in use after: 216.9 MB.

Unloading 7 unused Assets to reduce memory usage. Loaded Objects now: 2264.
Total: 5.299526 ms (FindLiveObjects: 0.349336 ms CreateObjectMapping: 0.110304 ms MarkObjects: 4.567191 ms  DeleteObjects: 0.268919 ms)

========================================================================
Received Import Request.
  Time since last request: 365.287364 seconds.
  path: Assets/_GameAssets/Scripts/Enemies/MobileEnemy.cs
  artifactKey: Guid(14d4909c8f17d4b8ab3ac08816b5f2e7) Importer(815301076,1909f56bfc062723c751e8b465ee728b)
Start importing Assets/_GameAssets/Scripts/Enemies/MobileEnemy.cs using Guid(14d4909c8f17d4b8ab3ac08816b5f2e7) Importer(815301076,1909f56bfc062723c751e8b465ee728b)  -> (artifact id: '5b44ad2aa111d156b22e49f4d6a79711') in 0.031054 seconds
  Import took 0.110965 seconds .

========================================================================
Received Prepare
Registering precompiled user dll's ...
Registered in 0.123245 seconds.
Begin MonoManager ReloadAssembly
Native extension for OSXStandalone target not found
Native extension for WebGL target not found
Refreshing native plugins compatible for Editor in 0.77 ms, found 1 plugins.
Preloading 0 native plugins for Editor in 0.00 ms.
Warning: Annotation not found!
UnityEngine.StackTraceUtility:ExtractStackTrace () (at /Users/bokken/buildslave/unity/build/Runtime/Export/Scripting/StackTrace.cs:37)
UnityEditor.ProBuilder.EditorUtility:SetGizmoIconEnabled (System.Type,bool) (at Library/PackageCache/com.unity.probuilder@4.5.0/Editor/EditorCore/EditorUtility.cs:593)
UnityEditor.ProBuilder.HierarchyListener:.cctor () (at Library/PackageCache/com.unity.probuilder@4.5.0/Editor/EditorCore/HierarchyListener.cs:21)
System.Runtime.CompilerServices.RuntimeHelpers:RunClassConstructor (System.RuntimeTypeHandle)
UnityEditor.EditorAssemblies:ProcessInitializeOnLoadAttributes (System.Type[]) (at /Users/bokken/buildslave/unity/build/Editor/Mono/EditorAssemblies.cs:114)

[Library/PackageCache/com.unity.probuilder@4.5.0/Editor/EditorCore/EditorUtility.cs line 593]

Mono: successfully reloaded assembly
- Completed reload, in  2.777 seconds
Platform modules already initialized, skipping
Refreshing native plugins compatible for Editor in 0.55 ms, found 1 plugins.
Preloading 0 native plugins for Editor in 0.00 ms.
Unloading 1657 Unused Serialized files (Serialized files now loaded: 0)
System memory in use before: 218.1 MB.
System memory in use after: 218.1 MB.

Unloading 10 unused Assets to reduce memory usage. Loaded Objects now: 2273.
Total: 6.110830 ms (FindLiveObjects: 0.421777 ms CreateObjectMapping: 0.080322 ms MarkObjects: 5.156592 ms  DeleteObjects: 0.449185 ms)

========================================================================
Received Import Request.
  Time since last request: 931.356909 seconds.
  path: Assets/JMO Assets/Cartoon FX/CFX Prefabs/Explosions/CFX_Firework_Trails_Gravity.prefab
  artifactKey: Guid(4adffb0018aeda44e9263f901167af1f) Importer(815301076,1909f56bfc062723c751e8b465ee728b)
Start importing Assets/JMO Assets/Cartoon FX/CFX Prefabs/Explosions/CFX_Firework_Trails_Gravity.prefab using Guid(4adffb0018aeda44e9263f901167af1f) Importer(815301076,1909f56bfc062723c751e8b465ee728b)  -> (artifact id: '3cb6ef7621b6309f728f4c8ec25f9e4f') in 2.796845 seconds
  Import took 2.891739 seconds .

========================================================================
Received Import Request.
  Time since last request: 0.000450 seconds.
  path: Assets/JMO Assets/Cartoon FX/Materials/Misc/CFX_Star Add.mat
  artifactKey: Guid(28bd8c3c14d3f214da37557b91e0fa5d) Importer(815301076,1909f56bfc062723c751e8b465ee728b)
Start importing Assets/JMO Assets/Cartoon FX/Materials/Misc/CFX_Star Add.mat using Guid(28bd8c3c14d3f214da37557b91e0fa5d) Importer(815301076,1909f56bfc062723c751e8b465ee728b)  -> (artifact id: '33635e92895b8fe61925aafce5e21362') in 1.920935 seconds
  Import took 2.030839 seconds .

========================================================================
Received Import Request.
  Time since last request: 0.000309 seconds.
  path: Assets/JMO Assets/Cartoon FX/Materials/Animated/CFX_Anim_Triangle2_AlphaBlendedPremult.mat
  artifactKey: Guid(4d5a52cb18e09b843887aee389016b8d) Importer(815301076,1909f56bfc062723c751e8b465ee728b)
Start importing Assets/JMO Assets/Cartoon FX/Materials/Animated/CFX_Anim_Triangle2_AlphaBlendedPremult.mat using Guid(4d5a52cb18e09b843887aee389016b8d) Importer(815301076,1909f56bfc062723c751e8b465ee728b)  -> (artifact id: 'fc71c4dd2a4c0e3c33b0a1a17e5a2bd5') in 7.260279 seconds
  Import took 7.321591 seconds .

========================================================================
Received Import Request.
  Time since last request: 0.043869 seconds.
  path: Assets/JMO Assets/Cartoon FX/CFX Prefabs/Explosions/CFX_Explosion_B_Smoke+Text.prefab
  artifactKey: Guid(46876a2780737ec45a19d62f88e5ce56) Importer(815301076,1909f56bfc062723c751e8b465ee728b)
Start importing Assets/JMO Assets/Cartoon FX/CFX Prefabs/Explosions/CFX_Explosion_B_Smoke+Text.prefab using Guid(46876a2780737ec45a19d62f88e5ce56) Importer(815301076,1909f56bfc062723c751e8b465ee728b)  -> (artifact id: 'f0849cbbe980f7ac8f9fb7a9106f0636') in 0.090491 seconds
  Import took 0.136807 seconds .

========================================================================
Received Import Request.
  Time since last request: 285.661093 seconds.
  path: Assets/_GameAssets/Prefabs/Explosion
  artifactKey: Guid(e15b9810776ec44259fb287b44c3afbe) Importer(815301076,1909f56bfc062723c751e8b465ee728b)
Start importing Assets/_GameAssets/Prefabs/Explosion using Guid(e15b9810776ec44259fb287b44c3afbe) Importer(815301076,1909f56bfc062723c751e8b465ee728b)  -> (artifact id: '1c07082ee66380397416e74dfcb046ab') in 0.041324 seconds
  Import took 0.064623 seconds .

========================================================================
Received Import Request.
  Time since last request: 33.391780 seconds.
  path: Assets/JMO Assets/Cartoon FX/Materials/Animated/CFX_Anim_Poof_Add.mat
  artifactKey: Guid(e3d4119c3e4597d4b90fc27f1419ca4b) Importer(815301076,1909f56bfc062723c751e8b465ee728b)
Start importing Assets/JMO Assets/Cartoon FX/Materials/Animated/CFX_Anim_Poof_Add.mat using Guid(e3d4119c3e4597d4b90fc27f1419ca4b) Importer(815301076,1909f56bfc062723c751e8b465ee728b)  -> (artifact id: '39371b5186f099d1a22dbd84c9c72971') in 0.165247 seconds
  Import took 0.228957 seconds .

========================================================================
Received Import Request.
  Time since last request: 24.915660 seconds.
  path: Assets/_GameAssets/Prefabs/Explosion/PrefabExplosion.prefab
  artifactKey: Guid(2441ecfbc9a5d42d8911ed9e69696c8b) Importer(815301076,1909f56bfc062723c751e8b465ee728b)
Start importing Assets/_GameAssets/Prefabs/Explosion/PrefabExplosion.prefab using Guid(2441ecfbc9a5d42d8911ed9e69696c8b) Importer(815301076,1909f56bfc062723c751e8b465ee728b)  -> (artifact id: '7a623130cd41a07d494d6390e7bf5e51') in 0.070159 seconds
  Import took 0.077071 seconds .

========================================================================
Received Import Request.
  Time since last request: 0.002322 seconds.
  path: Assets/_GameAssets/Prefabs/Explosion/PrefabExplosion.prefab
  artifactKey: Guid(2441ecfbc9a5d42d8911ed9e69696c8b) Importer(815301076,1909f56bfc062723c751e8b465ee728b)
Start importing Assets/_GameAssets/Prefabs/Explosion/PrefabExplosion.prefab using Guid(2441ecfbc9a5d42d8911ed9e69696c8b) Importer(815301076,1909f56bfc062723c751e8b465ee728b)  -> (artifact id: '7a623130cd41a07d494d6390e7bf5e51') in 0.020338 seconds
  Import took 0.028645 seconds .

========================================================================
Received Import Request.
  Time since last request: 81.806156 seconds.
  path: Assets/_GameAssets/Scripts/Enemies/SmartEnemy.cs
  artifactKey: Guid(f83ee4a67f2304b89aff9001e1c46671) Importer(815301076,1909f56bfc062723c751e8b465ee728b)
Start importing Assets/_GameAssets/Scripts/Enemies/SmartEnemy.cs using Guid(f83ee4a67f2304b89aff9001e1c46671) Importer(815301076,1909f56bfc062723c751e8b465ee728b)  -> (artifact id: '37940035441e5cd987aad6fcbead9fd2') in 0.053590 seconds
  Import took 0.060641 seconds .

========================================================================
Received Prepare
Registering precompiled user dll's ...
Registered in 0.101314 seconds.
Begin MonoManager ReloadAssembly
Native extension for OSXStandalone target not found
Native extension for WebGL target not found
Refreshing native plugins compatible for Editor in 0.77 ms, found 1 plugins.
Preloading 0 native plugins for Editor in 0.00 ms.
Warning: Annotation not found!
UnityEngine.StackTraceUtility:ExtractStackTrace () (at /Users/bokken/buildslave/unity/build/Runtime/Export/Scripting/StackTrace.cs:37)
UnityEditor.ProBuilder.EditorUtility:SetGizmoIconEnabled (System.Type,bool) (at Library/PackageCache/com.unity.probuilder@4.5.0/Editor/EditorCore/EditorUtility.cs:593)
UnityEditor.ProBuilder.HierarchyListener:.cctor () (at Library/PackageCache/com.unity.probuilder@4.5.0/Editor/EditorCore/HierarchyListener.cs:21)
System.Runtime.CompilerServices.RuntimeHelpers:RunClassConstructor (System.RuntimeTypeHandle)
UnityEditor.EditorAssemblies:ProcessInitializeOnLoadAttributes (System.Type[]) (at /Users/bokken/buildslave/unity/build/Editor/Mono/EditorAssemblies.cs:114)

[Library/PackageCache/com.unity.probuilder@4.5.0/Editor/EditorCore/EditorUtility.cs line 593]

Mono: successfully reloaded assembly
- Completed reload, in  4.086 seconds
Platform modules already initialized, skipping
Refreshing native plugins compatible for Editor in 1.43 ms, found 1 plugins.
Preloading 0 native plugins for Editor in 0.00 ms.
Unloading 1657 Unused Serialized files (Serialized files now loaded: 0)
System memory in use before: 230.4 MB.
System memory in use after: 230.4 MB.

Unloading 10 unused Assets to reduce memory usage. Loaded Objects now: 2318.
Total: 17.506542 ms (FindLiveObjects: 0.869475 ms CreateObjectMapping: 0.339405 ms MarkObjects: 10.740775 ms  DeleteObjects: 5.552718 ms)

========================================================================
Received Import Request.
  Time since last request: 225.468545 seconds.
  path: Assets/_GameAssets/Prefabs/Explosion/PrefabExplosion.prefab
  artifactKey: Guid(2441ecfbc9a5d42d8911ed9e69696c8b) Importer(815301076,1909f56bfc062723c751e8b465ee728b)
Start importing Assets/_GameAssets/Prefabs/Explosion/PrefabExplosion.prefab using Guid(2441ecfbc9a5d42d8911ed9e69696c8b) Importer(815301076,1909f56bfc062723c751e8b465ee728b)  -> (artifact id: '89f908579391764fa065f80ec5314ae6') in 0.179739 seconds
  Import took 0.309188 seconds .

========================================================================
Received Prepare
Registering precompiled user dll's ...
Registered in 0.067914 seconds.
Begin MonoManager ReloadAssembly
Native extension for OSXStandalone target not found
Native extension for WebGL target not found
Refreshing native plugins compatible for Editor in 0.78 ms, found 1 plugins.
Preloading 0 native plugins for Editor in 0.00 ms.
Warning: Annotation not found!
UnityEngine.StackTraceUtility:ExtractStackTrace () (at /Users/bokken/buildslave/unity/build/Runtime/Export/Scripting/StackTrace.cs:37)
UnityEditor.ProBuilder.EditorUtility:SetGizmoIconEnabled (System.Type,bool) (at Library/PackageCache/com.unity.probuilder@4.5.0/Editor/EditorCore/EditorUtility.cs:593)
UnityEditor.ProBuilder.HierarchyListener:.cctor () (at Library/PackageCache/com.unity.probuilder@4.5.0/Editor/EditorCore/HierarchyListener.cs:21)
System.Runtime.CompilerServices.RuntimeHelpers:RunClassConstructor (System.RuntimeTypeHandle)
UnityEditor.EditorAssemblies:ProcessInitializeOnLoadAttributes (System.Type[]) (at /Users/bokken/buildslave/unity/build/Editor/Mono/EditorAssemblies.cs:114)

[Library/PackageCache/com.unity.probuilder@4.5.0/Editor/EditorCore/EditorUtility.cs line 593]

Mono: successfully reloaded assembly
- Completed reload, in  2.355 seconds
Platform modules already initialized, skipping
Refreshing native plugins compatible for Editor in 0.65 ms, found 1 plugins.
Preloading 0 native plugins for Editor in 0.00 ms.
Unloading 1657 Unused Serialized files (Serialized files now loaded: 0)
System memory in use before: 230.7 MB.
System memory in use after: 230.7 MB.

Unloading 10 unused Assets to reduce memory usage. Loaded Objects now: 2321.
Total: 5.106353 ms (FindLiveObjects: 0.654869 ms CreateObjectMapping: 0.217543 ms MarkObjects: 3.868850 ms  DeleteObjects: 0.362559 ms)

========================================================================
Received Prepare
Registering precompiled user dll's ...
Registered in 0.001640 seconds.
Begin MonoManager ReloadAssembly
Native extension for OSXStandalone target not found
Native extension for WebGL target not found
Refreshing native plugins compatible for Editor in 0.73 ms, found 1 plugins.
Preloading 0 native plugins for Editor in 0.00 ms.
Warning: Annotation not found!
UnityEngine.StackTraceUtility:ExtractStackTrace () (at /Users/bokken/buildslave/unity/build/Runtime/Export/Scripting/StackTrace.cs:37)
UnityEditor.ProBuilder.EditorUtility:SetGizmoIconEnabled (System.Type,bool) (at Library/PackageCache/com.unity.probuilder@4.5.0/Editor/EditorCore/EditorUtility.cs:593)
UnityEditor.ProBuilder.HierarchyListener:.cctor () (at Library/PackageCache/com.unity.probuilder@4.5.0/Editor/EditorCore/HierarchyListener.cs:21)
System.Runtime.CompilerServices.RuntimeHelpers:RunClassConstructor (System.RuntimeTypeHandle)
UnityEditor.EditorAssemblies:ProcessInitializeOnLoadAttributes (System.Type[]) (at /Users/bokken/buildslave/unity/build/Editor/Mono/EditorAssemblies.cs:114)

[Library/PackageCache/com.unity.probuilder@4.5.0/Editor/EditorCore/EditorUtility.cs line 593]

Mono: successfully reloaded assembly
- Completed reload, in  2.847 seconds
Platform modules already initialized, skipping
Refreshing native plugins compatible for Editor in 0.80 ms, found 1 plugins.
Preloading 0 native plugins for Editor in 0.00 ms.
Unloading 1657 Unused Serialized files (Serialized files now loaded: 0)
System memory in use before: 231.1 MB.
System memory in use after: 231.1 MB.

Unloading 10 unused Assets to reduce memory usage. Loaded Objects now: 2324.
Total: 4.325201 ms (FindLiveObjects: 0.386614 ms CreateObjectMapping: 0.081034 ms MarkObjects: 3.520976 ms  DeleteObjects: 0.334316 ms)

========================================================================
Received Prepare
Registering precompiled user dll's ...
Registered in 0.056105 seconds.
Begin MonoManager ReloadAssembly
Native extension for OSXStandalone target not found
Native extension for WebGL target not found
Refreshing native plugins compatible for Editor in 0.67 ms, found 1 plugins.
Preloading 0 native plugins for Editor in 0.00 ms.
Warning: Annotation not found!
UnityEngine.StackTraceUtility:ExtractStackTrace () (at /Users/bokken/buildslave/unity/build/Runtime/Export/Scripting/StackTrace.cs:37)
UnityEditor.ProBuilder.EditorUtility:SetGizmoIconEnabled (System.Type,bool) (at Library/PackageCache/com.unity.probuilder@4.5.0/Editor/EditorCore/EditorUtility.cs:593)
UnityEditor.ProBuilder.HierarchyListener:.cctor () (at Library/PackageCache/com.unity.probuilder@4.5.0/Editor/EditorCore/HierarchyListener.cs:21)
System.Runtime.CompilerServices.RuntimeHelpers:RunClassConstructor (System.RuntimeTypeHandle)
UnityEditor.EditorAssemblies:ProcessInitializeOnLoadAttributes (System.Type[]) (at /Users/bokken/buildslave/unity/build/Editor/Mono/EditorAssemblies.cs:114)

[Library/PackageCache/com.unity.probuilder@4.5.0/Editor/EditorCore/EditorUtility.cs line 593]

Mono: successfully reloaded assembly
- Completed reload, in  4.726 seconds
Platform modules already initialized, skipping
Refreshing native plugins compatible for Editor in 0.57 ms, found 1 plugins.
Preloading 0 native plugins for Editor in 0.00 ms.
Unloading 1657 Unused Serialized files (Serialized files now loaded: 0)
System memory in use before: 231.4 MB.
System memory in use after: 231.3 MB.

Unloading 10 unused Assets to reduce memory usage. Loaded Objects now: 2327.
Total: 4.847127 ms (FindLiveObjects: 0.442824 ms CreateObjectMapping: 0.180762 ms MarkObjects: 3.835375 ms  DeleteObjects: 0.376813 ms)

========================================================================
Received Prepare
Registering precompiled user dll's ...
Registered in 0.035190 seconds.
Begin MonoManager ReloadAssembly
Native extension for OSXStandalone target not found
Native extension for WebGL target not found
Refreshing native plugins compatible for Editor in 0.56 ms, found 1 plugins.
Preloading 0 native plugins for Editor in 0.00 ms.
Warning: Annotation not found!
UnityEngine.StackTraceUtility:ExtractStackTrace () (at /Users/bokken/buildslave/unity/build/Runtime/Export/Scripting/StackTrace.cs:37)
UnityEditor.ProBuilder.EditorUtility:SetGizmoIconEnabled (System.Type,bool) (at Library/PackageCache/com.unity.probuilder@4.5.0/Editor/EditorCore/EditorUtility.cs:593)
UnityEditor.ProBuilder.HierarchyListener:.cctor () (at Library/PackageCache/com.unity.probuilder@4.5.0/Editor/EditorCore/HierarchyListener.cs:21)
System.Runtime.CompilerServices.RuntimeHelpers:RunClassConstructor (System.RuntimeTypeHandle)
UnityEditor.EditorAssemblies:ProcessInitializeOnLoadAttributes (System.Type[]) (at /Users/bokken/buildslave/unity/build/Editor/Mono/EditorAssemblies.cs:114)

[Library/PackageCache/com.unity.probuilder@4.5.0/Editor/EditorCore/EditorUtility.cs line 593]

Mono: successfully reloaded assembly
- Completed reload, in  2.375 seconds
Platform modules already initialized, skipping
Refreshing native plugins compatible for Editor in 0.65 ms, found 1 plugins.
Preloading 0 native plugins for Editor in 0.00 ms.
Unloading 1657 Unused Serialized files (Serialized files now loaded: 0)
System memory in use before: 231.6 MB.
System memory in use after: 231.6 MB.

Unloading 10 unused Assets to reduce memory usage. Loaded Objects now: 2330.
Total: 7.829024 ms (FindLiveObjects: 0.539212 ms CreateObjectMapping: 0.309607 ms MarkObjects: 6.476300 ms  DeleteObjects: 0.499479 ms)

========================================================================
Received Import Request.
  Time since last request: 529.035325 seconds.
  path: Assets/JMO Assets/Cartoon FX/Materials/Texts/CFX_Text_Boom.mat
  artifactKey: Guid(d1c965e3a9110b94db515cf6edd67b92) Importer(815301076,1909f56bfc062723c751e8b465ee728b)
Start importing Assets/JMO Assets/Cartoon FX/Materials/Texts/CFX_Text_Boom.mat using Guid(d1c965e3a9110b94db515cf6edd67b92) Importer(815301076,1909f56bfc062723c751e8b465ee728b)  -> (artifact id: '35c1d4ce8cd087c8b6f9879dcf176fd7') in 0.596422 seconds
  Import took 0.739733 seconds .

========================================================================
Received Import Request.
  Time since last request: 0.000911 seconds.
  path: Assets/JMO Assets/Cartoon FX/Materials/Animated/CFX_Anim_Bubble_Add.mat
  artifactKey: Guid(503ba37627ac18c4ebe9bbe73d6ea9ad) Importer(815301076,1909f56bfc062723c751e8b465ee728b)
Start importing Assets/JMO Assets/Cartoon FX/Materials/Animated/CFX_Anim_Bubble_Add.mat using Guid(503ba37627ac18c4ebe9bbe73d6ea9ad) Importer(815301076,1909f56bfc062723c751e8b465ee728b)  -> (artifact id: 'a3dc9466f905d4d31957fde882eb00ab') in 0.158398 seconds
  Import took 0.294905 seconds .

========================================================================
Received Import Request.
  Time since last request: 0.000410 seconds.
  path: Assets/JMO Assets/Cartoon FX/Materials/Misc/CFX_Smoke_4frms.mat
  artifactKey: Guid(3217b570b11b257469c5461f0457e5d4) Importer(815301076,1909f56bfc062723c751e8b465ee728b)
Start importing Assets/JMO Assets/Cartoon FX/Materials/Misc/CFX_Smoke_4frms.mat using Guid(3217b570b11b257469c5461f0457e5d4) Importer(815301076,1909f56bfc062723c751e8b465ee728b)  -> (artifact id: '938125b3f0f58ccdf8f0432e6419a1c9') in 0.198981 seconds
  Import took 0.210171 seconds .

========================================================================
Received Import Request.
  Time since last request: 172.867151 seconds.
  path: Assets/_GameAssets/Audios/Explosion
  artifactKey: Guid(38c27b8566f104cce8574d46a47c6b37) Importer(815301076,1909f56bfc062723c751e8b465ee728b)
Start importing Assets/_GameAssets/Audios/Explosion using Guid(38c27b8566f104cce8574d46a47c6b37) Importer(815301076,1909f56bfc062723c751e8b465ee728b)  -> (artifact id: '65bc342297fa4d23e09fd78c4fe0db50') in 0.008025 seconds
  Import took 0.088836 seconds .

========================================================================
Received Import Request.
  Time since last request: 217.757396 seconds.
  path: Assets/_GameAssets/Prefabs/Explosion/PrefabExplosion.prefab
  artifactKey: Guid(2441ecfbc9a5d42d8911ed9e69696c8b) Importer(815301076,1909f56bfc062723c751e8b465ee728b)
Start importing Assets/_GameAssets/Prefabs/Explosion/PrefabExplosion.prefab using Guid(2441ecfbc9a5d42d8911ed9e69696c8b) Importer(815301076,1909f56bfc062723c751e8b465ee728b)  -> (artifact id: 'cde9f80c0d16e93ed02857dea8a71459') in 0.203032 seconds
  Import took 0.683271 seconds .

========================================================================
Received Prepare
Registering precompiled user dll's ...
Registered in 0.044088 seconds.
Begin MonoManager ReloadAssembly
Native extension for OSXStandalone target not found
Native extension for WebGL target not found
Refreshing native plugins compatible for Editor in 2.08 ms, found 1 plugins.
Preloading 0 native plugins for Editor in 0.00 ms.
Warning: Annotation not found!
UnityEngine.StackTraceUtility:ExtractStackTrace () (at /Users/bokken/buildslave/unity/build/Runtime/Export/Scripting/StackTrace.cs:37)
UnityEditor.ProBuilder.EditorUtility:SetGizmoIconEnabled (System.Type,bool) (at Library/PackageCache/com.unity.probuilder@4.5.0/Editor/EditorCore/EditorUtility.cs:593)
UnityEditor.ProBuilder.HierarchyListener:.cctor () (at Library/PackageCache/com.unity.probuilder@4.5.0/Editor/EditorCore/HierarchyListener.cs:21)
System.Runtime.CompilerServices.RuntimeHelpers:RunClassConstructor (System.RuntimeTypeHandle)
UnityEditor.EditorAssemblies:ProcessInitializeOnLoadAttributes (System.Type[]) (at /Users/bokken/buildslave/unity/build/Editor/Mono/EditorAssemblies.cs:114)

[Library/PackageCache/com.unity.probuilder@4.5.0/Editor/EditorCore/EditorUtility.cs line 593]

Mono: successfully reloaded assembly
- Completed reload, in  6.342 seconds
Platform modules already initialized, skipping
Refreshing native plugins compatible for Editor in 0.80 ms, found 1 plugins.
Preloading 0 native plugins for Editor in 0.00 ms.
Unloading 1657 Unused Serialized files (Serialized files now loaded: 0)
System memory in use before: 232.1 MB.
System memory in use after: 232.1 MB.

Unloading 10 unused Assets to reduce memory usage. Loaded Objects now: 2335.
Total: 3.611095 ms (FindLiveObjects: 0.312782 ms CreateObjectMapping: 0.079062 ms MarkObjects: 2.902499 ms  DeleteObjects: 0.314775 ms)

========================================================================
Received Prepare
Registering precompiled user dll's ...
Registered in 0.100748 seconds.
Begin MonoManager ReloadAssembly
Native extension for OSXStandalone target not found
Native extension for WebGL target not found
Refreshing native plugins compatible for Editor in 0.74 ms, found 1 plugins.
Preloading 0 native plugins for Editor in 0.00 ms.
Warning: Annotation not found!
UnityEngine.StackTraceUtility:ExtractStackTrace () (at /Users/bokken/buildslave/unity/build/Runtime/Export/Scripting/StackTrace.cs:37)
UnityEditor.ProBuilder.EditorUtility:SetGizmoIconEnabled (System.Type,bool) (at Library/PackageCache/com.unity.probuilder@4.5.0/Editor/EditorCore/EditorUtility.cs:593)
UnityEditor.ProBuilder.HierarchyListener:.cctor () (at Library/PackageCache/com.unity.probuilder@4.5.0/Editor/EditorCore/HierarchyListener.cs:21)
System.Runtime.CompilerServices.RuntimeHelpers:RunClassConstructor (System.RuntimeTypeHandle)
UnityEditor.EditorAssemblies:ProcessInitializeOnLoadAttributes (System.Type[]) (at /Users/bokken/buildslave/unity/build/Editor/Mono/EditorAssemblies.cs:114)

[Library/PackageCache/com.unity.probuilder@4.5.0/Editor/EditorCore/EditorUtility.cs line 593]

Mono: successfully reloaded assembly
- Completed reload, in  2.325 seconds
Platform modules already initialized, skipping
Refreshing native plugins compatible for Editor in 0.80 ms, found 1 plugins.
Preloading 0 native plugins for Editor in 0.00 ms.
Unloading 1657 Unused Serialized files (Serialized files now loaded: 0)
System memory in use before: 232.4 MB.
System memory in use after: 232.4 MB.

Unloading 10 unused Assets to reduce memory usage. Loaded Objects now: 2338.
Total: 4.125508 ms (FindLiveObjects: 0.380297 ms CreateObjectMapping: 0.163630 ms MarkObjects: 3.288294 ms  DeleteObjects: 0.291553 ms)

========================================================================
Received Prepare
Registering precompiled user dll's ...
Registered in 0.114329 seconds.
Begin MonoManager ReloadAssembly
Native extension for OSXStandalone target not found
Native extension for WebGL target not found
Refreshing native plugins compatible for Editor in 0.73 ms, found 1 plugins.
Preloading 0 native plugins for Editor in 0.00 ms.
Warning: Annotation not found!
UnityEngine.StackTraceUtility:ExtractStackTrace () (at /Users/bokken/buildslave/unity/build/Runtime/Export/Scripting/StackTrace.cs:37)
UnityEditor.ProBuilder.EditorUtility:SetGizmoIconEnabled (System.Type,bool) (at Library/PackageCache/com.unity.probuilder@4.5.0/Editor/EditorCore/EditorUtility.cs:593)
UnityEditor.ProBuilder.HierarchyListener:.cctor () (at Library/PackageCache/com.unity.probuilder@4.5.0/Editor/EditorCore/HierarchyListener.cs:21)
System.Runtime.CompilerServices.RuntimeHelpers:RunClassConstructor (System.RuntimeTypeHandle)
UnityEditor.EditorAssemblies:ProcessInitializeOnLoadAttributes (System.Type[]) (at /Users/bokken/buildslave/unity/build/Editor/Mono/EditorAssemblies.cs:114)

[Library/PackageCache/com.unity.probuilder@4.5.0/Editor/EditorCore/EditorUtility.cs line 593]

Mono: successfully reloaded assembly
- Completed reload, in  2.120 seconds
Platform modules already initialized, skipping
Refreshing native plugins compatible for Editor in 0.67 ms, found 1 plugins.
Preloading 0 native plugins for Editor in 0.00 ms.
Unloading 1657 Unused Serialized files (Serialized files now loaded: 0)
System memory in use before: 232.7 MB.
System memory in use after: 232.7 MB.

Unloading 10 unused Assets to reduce memory usage. Loaded Objects now: 2341.
Total: 3.796459 ms (FindLiveObjects: 0.355780 ms CreateObjectMapping: 0.155063 ms MarkObjects: 2.954342 ms  DeleteObjects: 0.328685 ms)

========================================================================
Received Prepare
Registering precompiled user dll's ...
Registered in 0.001106 seconds.
Begin MonoManager ReloadAssembly
Native extension for OSXStandalone target not found
Native extension for WebGL target not found
Refreshing native plugins compatible for Editor in 0.64 ms, found 1 plugins.
Preloading 0 native plugins for Editor in 0.00 ms.
Warning: Annotation not found!
UnityEngine.StackTraceUtility:ExtractStackTrace () (at /Users/bokken/buildslave/unity/build/Runtime/Export/Scripting/StackTrace.cs:37)
UnityEditor.ProBuilder.EditorUtility:SetGizmoIconEnabled (System.Type,bool) (at Library/PackageCache/com.unity.probuilder@4.5.0/Editor/EditorCore/EditorUtility.cs:593)
UnityEditor.ProBuilder.HierarchyListener:.cctor () (at Library/PackageCache/com.unity.probuilder@4.5.0/Editor/EditorCore/HierarchyListener.cs:21)
System.Runtime.CompilerServices.RuntimeHelpers:RunClassConstructor (System.RuntimeTypeHandle)
UnityEditor.EditorAssemblies:ProcessInitializeOnLoadAttributes (System.Type[]) (at /Users/bokken/buildslave/unity/build/Editor/Mono/EditorAssemblies.cs:114)

[Library/PackageCache/com.unity.probuilder@4.5.0/Editor/EditorCore/EditorUtility.cs line 593]

Mono: successfully reloaded assembly
- Completed reload, in  4.280 seconds
Platform modules already initialized, skipping
Refreshing native plugins compatible for Editor in 0.75 ms, found 1 plugins.
Preloading 0 native plugins for Editor in 0.00 ms.
Unloading 1657 Unused Serialized files (Serialized files now loaded: 0)
System memory in use before: 233.0 MB.
System memory in use after: 233.0 MB.

Unloading 10 unused Assets to reduce memory usage. Loaded Objects now: 2344.
Total: 5.778125 ms (FindLiveObjects: 0.560866 ms CreateObjectMapping: 0.210481 ms MarkObjects: 4.217751 ms  DeleteObjects: 0.785300 ms)

========================================================================
Received Prepare
Registering precompiled user dll's ...
Registered in 0.001038 seconds.
Begin MonoManager ReloadAssembly
Native extension for OSXStandalone target not found
Native extension for WebGL target not found
Refreshing native plugins compatible for Editor in 0.73 ms, found 1 plugins.
Preloading 0 native plugins for Editor in 0.00 ms.
Warning: Annotation not found!
UnityEngine.StackTraceUtility:ExtractStackTrace () (at /Users/bokken/buildslave/unity/build/Runtime/Export/Scripting/StackTrace.cs:37)
UnityEditor.ProBuilder.EditorUtility:SetGizmoIconEnabled (System.Type,bool) (at Library/PackageCache/com.unity.probuilder@4.5.0/Editor/EditorCore/EditorUtility.cs:593)
UnityEditor.ProBuilder.HierarchyListener:.cctor () (at Library/PackageCache/com.unity.probuilder@4.5.0/Editor/EditorCore/HierarchyListener.cs:21)
System.Runtime.CompilerServices.RuntimeHelpers:RunClassConstructor (System.RuntimeTypeHandle)
UnityEditor.EditorAssemblies:ProcessInitializeOnLoadAttributes (System.Type[]) (at /Users/bokken/buildslave/unity/build/Editor/Mono/EditorAssemblies.cs:114)

[Library/PackageCache/com.unity.probuilder@4.5.0/Editor/EditorCore/EditorUtility.cs line 593]

Mono: successfully reloaded assembly
- Completed reload, in  1.615 seconds
Platform modules already initialized, skipping
Refreshing native plugins compatible for Editor in 0.58 ms, found 1 plugins.
Preloading 0 native plugins for Editor in 0.00 ms.
Unloading 1657 Unused Serialized files (Serialized files now loaded: 0)
System memory in use before: 233.3 MB.
System memory in use after: 233.3 MB.

Unloading 10 unused Assets to reduce memory usage. Loaded Objects now: 2347.
Total: 4.247488 ms (FindLiveObjects: 0.377093 ms CreateObjectMapping: 0.092526 ms MarkObjects: 3.386033 ms  DeleteObjects: 0.389554 ms)

