Using pre-set license

 COMMAND LINE ARGUMENTS:
/Applications/Unity/Hub/Editor/2020.3.5f1/Unity.app/Contents/MacOS/Unity
-adb2
-batchMode
-noUpm
-name
AssetImportWorker33
-projectPath
/Users/sergioferia/Desktop/Unity3D/ProyectosUnity/CallOfGetafe
-logFile
Logs/AssetImportWorker33.log
-srvPort
49534
Successfully changed project path to: /Users/sergioferia/Desktop/Unity3D/ProyectosUnity/CallOfGetafe
/Users/sergioferia/Desktop/Unity3D/ProyectosUnity/CallOfGetafe
Using Asset Import Pipeline V2.
Refreshing native plugins compatible for Editor in 99.75 ms, found 1 plugins.
Preloading 0 native plugins for Editor in 0.00 ms.
Initialize engine version: 2020.3.5f1 (8095aa901b9b)
[Subsystems] Discovering subsystems at path /Applications/Unity/Hub/Editor/2020.3.5f1/Unity.app/Contents/Resources/UnitySubsystems
[Subsystems] Discovering subsystems at path /Users/sergioferia/Desktop/Unity3D/ProyectosUnity/CallOfGetafe/Assets
GfxDevice: creating device client; threaded=0
2021-05-19 10:41:37.870 Unity[2071:58520] PHL 223V5 preferred device: Intel HD Graphics 5000 (low power)
2021-05-19 10:41:37.870 Unity[2071:58520] Metal devices available: 1
2021-05-19 10:41:37.870 Unity[2071:58520] 0: Intel HD Graphics 5000 (low power)
2021-05-19 10:41:37.871 Unity[2071:58520] Using device Intel HD Graphics 5000 (low power)
Initializing Metal device caps: Intel HD Graphics 5000
Initialize mono
Mono path[0] = '/Applications/Unity/Hub/Editor/2020.3.5f1/Unity.app/Contents/Managed'
Mono path[1] = '/Applications/Unity/Hub/Editor/2020.3.5f1/Unity.app/Contents/MonoBleedingEdge/lib/mono/unityjit'
Mono config path = '/Applications/Unity/Hub/Editor/2020.3.5f1/Unity.app/Contents/MonoBleedingEdge/etc'
Using monoOptions --debugger-agent=transport=dt_socket,embedding=1,server=y,suspend=n,address=127.0.0.1:56071
Begin MonoManager ReloadAssembly
Registering precompiled unity dll's ...
Register platform support module: /Applications/Unity/Hub/Editor/2020.3.5f1/PlaybackEngines/WebGLSupport/UnityEditor.WebGL.Extensions.dll
Register platform support module: /Applications/Unity/Hub/Editor/2020.3.5f1/Unity.app/Contents/PlaybackEngines/MacStandaloneSupport/UnityEditor.OSXStandalone.Extensions.dll
Registered in 0.044861 seconds.
Native extension for OSXStandalone target not found
Native extension for WebGL target not found
Refreshing native plugins compatible for Editor in 84.66 ms, found 1 plugins.
Preloading 0 native plugins for Editor in 0.00 ms.
Mono: successfully reloaded assembly
- Completed reload, in  8.290 seconds
Platform modules already initialized, skipping
Registering precompiled user dll's ...
Registered in 0.012359 seconds.
Begin MonoManager ReloadAssembly
Native extension for OSXStandalone target not found
Native extension for WebGL target not found
Refreshing native plugins compatible for Editor in 0.53 ms, found 1 plugins.
Preloading 0 native plugins for Editor in 0.00 ms.
Mono: successfully reloaded assembly
- Completed reload, in  3.068 seconds
Platform modules already initialized, skipping
========================================================================
Worker process is ready to serve import requests
Launching external process: /Applications/Unity/Hub/Editor/2020.3.5f1/Unity.app/Contents/Tools/UnityShaderCompiler
Launched and connected shader compiler UnityShaderCompiler after 0.96 seconds
Refreshing native plugins compatible for Editor in 0.64 ms, found 1 plugins.
Preloading 0 native plugins for Editor in 0.00 ms.
Unloading 1730 Unused Serialized files (Serialized files now loaded: 0)
System memory in use before: 209.7 MB.
System memory in use after: 209.7 MB.

Unloading 78 unused Assets to reduce memory usage. Loaded Objects now: 2207.
Total: 5.476582 ms (FindLiveObjects: 1.805824 ms CreateObjectMapping: 0.247704 ms MarkObjects: 3.050892 ms  DeleteObjects: 0.369757 ms)

========================================================================
Received Import Request.
  path: Assets/_GameAssets/RenderTextures/MinimapTexture.renderTexture
  artifactKey: Guid(4780cfcf6ef9f42ad86cd34694191afc) Importer(815301076,1909f56bfc062723c751e8b465ee728b)
Start importing Assets/_GameAssets/RenderTextures/MinimapTexture.renderTexture using Guid(4780cfcf6ef9f42ad86cd34694191afc) Importer(815301076,1909f56bfc062723c751e8b465ee728b)  -> (artifact id: '50258d06e2e638d839174bf5f206fb19') in 2.375035 seconds
  Import took 2.481939 seconds .

========================================================================
Received Import Request.
  Time since last request: 238.848154 seconds.
  path: Assets/_GameAssets/RenderTextures/Materials
  artifactKey: Guid(3faa546a7a07549589a974d5aa418694) Importer(815301076,1909f56bfc062723c751e8b465ee728b)
Start importing Assets/_GameAssets/RenderTextures/Materials using Guid(3faa546a7a07549589a974d5aa418694) Importer(815301076,1909f56bfc062723c751e8b465ee728b)  -> (artifact id: '672cbf4962a8d8a4fd9f160e42bbc6b7') in 0.033101 seconds
  Import took 0.129881 seconds .

========================================================================
Received Import Request.
  Time since last request: 1566.776639 seconds.
  path: Assets/Standard Assets/CrossPlatformInput/Sprites/ButtonAcceleratorOverSprite.png
  artifactKey: Guid(eb5f6e2757c821940b69cf1456f7865a) Importer(815301076,1909f56bfc062723c751e8b465ee728b)
Start importing Assets/Standard Assets/CrossPlatformInput/Sprites/ButtonAcceleratorOverSprite.png using Guid(eb5f6e2757c821940b69cf1456f7865a) Importer(815301076,1909f56bfc062723c751e8b465ee728b)  -> (artifact id: 'cd76d95f2b498fa57fd9b684aa57e59b') in 1.786746 seconds
  Import took 1.882634 seconds .

========================================================================
Received Import Request.
  Time since last request: 0.000406 seconds.
  path: Assets/Standard Assets/CrossPlatformInput/Sprites/ButtonBrakeUpSprite.png
  artifactKey: Guid(827c9cd4a3943534f909ac6473e17288) Importer(815301076,1909f56bfc062723c751e8b465ee728b)
Start importing Assets/Standard Assets/CrossPlatformInput/Sprites/ButtonBrakeUpSprite.png using Guid(827c9cd4a3943534f909ac6473e17288) Importer(815301076,1909f56bfc062723c751e8b465ee728b)  -> (artifact id: '7377ff0ad026994c9c1e8776ce197279') in 0.135872 seconds
  Import took 0.158460 seconds .

========================================================================
Received Import Request.
  Time since last request: 0.001404 seconds.
  path: Assets/Standard Assets/CrossPlatformInput/Sprites/SliderHandleSprite.png
  artifactKey: Guid(0626b924325d1c34cafa6b22297f4e4f) Importer(815301076,1909f56bfc062723c751e8b465ee728b)
Start importing Assets/Standard Assets/CrossPlatformInput/Sprites/SliderHandleSprite.png using Guid(0626b924325d1c34cafa6b22297f4e4f) Importer(815301076,1909f56bfc062723c751e8b465ee728b)  -> (artifact id: 'a20c0d1b3887a7f4336126701393e586') in 0.210190 seconds
  Import took 0.257632 seconds .

========================================================================
Received Import Request.
  Time since last request: 0.000341 seconds.
  path: Assets/Standard Assets/CrossPlatformInput/Sprites/ButtonThumbstickOverSprite.png
  artifactKey: Guid(5485e2f56028a3c4cb54f5caa167377e) Importer(815301076,1909f56bfc062723c751e8b465ee728b)
Start importing Assets/Standard Assets/CrossPlatformInput/Sprites/ButtonThumbstickOverSprite.png using Guid(5485e2f56028a3c4cb54f5caa167377e) Importer(815301076,1909f56bfc062723c751e8b465ee728b)  -> (artifact id: '43cb11ae8a1952a70578fa2a09108489') in 0.156433 seconds
  Import took 0.228075 seconds .

========================================================================
Received Import Request.
  Time since last request: 0.000348 seconds.
  path: Assets/Standard Assets/CrossPlatformInput/Sprites/ButtonTimescaleFullUpSprite.png
  artifactKey: Guid(0c6271a290ef75b4c97d58746c86c5b8) Importer(815301076,1909f56bfc062723c751e8b465ee728b)
Start importing Assets/Standard Assets/CrossPlatformInput/Sprites/ButtonTimescaleFullUpSprite.png using Guid(0c6271a290ef75b4c97d58746c86c5b8) Importer(815301076,1909f56bfc062723c751e8b465ee728b)  -> (artifact id: 'c7a2aed6a711611194ad22441638077c') in 0.163732 seconds
  Import took 0.201964 seconds .

========================================================================
Received Import Request.
  Time since last request: 0.000425 seconds.
  path: Assets/Standard Assets/CrossPlatformInput/Sprites/ButtonTimescaleSlowUpSprite.png
  artifactKey: Guid(9d7c6e4896067aa4fa512a00f692ac1c) Importer(815301076,1909f56bfc062723c751e8b465ee728b)
Start importing Assets/Standard Assets/CrossPlatformInput/Sprites/ButtonTimescaleSlowUpSprite.png using Guid(9d7c6e4896067aa4fa512a00f692ac1c) Importer(815301076,1909f56bfc062723c751e8b465ee728b)  -> (artifact id: '6c0c2dc4b84233e08407f34045391c44') in 0.248999 seconds
  Import took 0.300423 seconds .

========================================================================
Received Import Request.
  Time since last request: 0.000388 seconds.
  path: Assets/Standard Assets/CrossPlatformInput/Sprites/ButtonArrowOverSprite.png
  artifactKey: Guid(49b611e658efbf443b686a4036f74fe3) Importer(815301076,1909f56bfc062723c751e8b465ee728b)
Start importing Assets/Standard Assets/CrossPlatformInput/Sprites/ButtonArrowOverSprite.png using Guid(49b611e658efbf443b686a4036f74fe3) Importer(815301076,1909f56bfc062723c751e8b465ee728b)  -> (artifact id: 'd7849300124942f424561502f7ab5153') in 0.140499 seconds
  Import took 0.179789 seconds .

========================================================================
Received Import Request.
  Time since last request: 0.000350 seconds.
  path: Assets/Standard Assets/CrossPlatformInput/Sprites/ButtonBrakeOverSprite.png
  artifactKey: Guid(5b1a64ea234fb2343b8d0686c51280de) Importer(815301076,1909f56bfc062723c751e8b465ee728b)
Start importing Assets/Standard Assets/CrossPlatformInput/Sprites/ButtonBrakeOverSprite.png using Guid(5b1a64ea234fb2343b8d0686c51280de) Importer(815301076,1909f56bfc062723c751e8b465ee728b)  -> (artifact id: '9e6c386ed04f65c0d3b963d10019bbba') in 0.134489 seconds
  Import took 0.166866 seconds .

========================================================================
Received Import Request.
  Time since last request: 0.007090 seconds.
  path: Assets/Standard Assets/CrossPlatformInput/Sprites/ButtonSpacebarSprite.png
  artifactKey: Guid(3d8675433a508ec47b8f895201eacf20) Importer(815301076,1909f56bfc062723c751e8b465ee728b)
Start importing Assets/Standard Assets/CrossPlatformInput/Sprites/ButtonSpacebarSprite.png using Guid(3d8675433a508ec47b8f895201eacf20) Importer(815301076,1909f56bfc062723c751e8b465ee728b)  -> (artifact id: '91c99920bf25825316d3fa4d1d1c5608') in 0.114220 seconds
  Import took 0.147234 seconds .

========================================================================
Received Import Request.
  Time since last request: 0.001288 seconds.
  path: Assets/Standard Assets/CrossPlatformInput/Sprites/SliderBackgroundSprite.png
  artifactKey: Guid(ea5873cfd9158664f89459f0c9e1d853) Importer(815301076,1909f56bfc062723c751e8b465ee728b)
Start importing Assets/Standard Assets/CrossPlatformInput/Sprites/SliderBackgroundSprite.png using Guid(ea5873cfd9158664f89459f0c9e1d853) Importer(815301076,1909f56bfc062723c751e8b465ee728b)  -> (artifact id: 'b703da374250e6653635a9ee6f9ddc2d') in 0.180064 seconds
  Import took 0.247166 seconds .

========================================================================
Received Import Request.
  Time since last request: 0.000849 seconds.
  path: Assets/Standard Assets/CrossPlatformInput/Sprites/ButtonThumbstickUpSprite.png
  artifactKey: Guid(9866a92691696b346901281f2b329034) Importer(815301076,1909f56bfc062723c751e8b465ee728b)
Start importing Assets/Standard Assets/CrossPlatformInput/Sprites/ButtonThumbstickUpSprite.png using Guid(9866a92691696b346901281f2b329034) Importer(815301076,1909f56bfc062723c751e8b465ee728b)  -> (artifact id: '3f391e0f27017f7917e9438c317fb04d') in 0.148963 seconds
  Import took 0.225002 seconds .

========================================================================
Received Import Request.
  Time since last request: 0.000386 seconds.
  path: Assets/Standard Assets/CrossPlatformInput/Sprites/ButtonResetSprite.png
  artifactKey: Guid(a94c9a7eb94ceec4a8d67a1890e22e51) Importer(815301076,1909f56bfc062723c751e8b465ee728b)
Start importing Assets/Standard Assets/CrossPlatformInput/Sprites/ButtonResetSprite.png using Guid(a94c9a7eb94ceec4a8d67a1890e22e51) Importer(815301076,1909f56bfc062723c751e8b465ee728b)  -> (artifact id: '81ef8f62f1165c7a520b7b8e0546a5f0') in 0.125705 seconds
  Import took 0.181648 seconds .

========================================================================
Received Import Request.
  Time since last request: 0.003792 seconds.
  path: Assets/Standard Assets/CrossPlatformInput/Sprites/ButtonArrowUpSprite.png
  artifactKey: Guid(4db017495c69e8140a56a0e2b669e3f8) Importer(815301076,1909f56bfc062723c751e8b465ee728b)
Start importing Assets/Standard Assets/CrossPlatformInput/Sprites/ButtonArrowUpSprite.png using Guid(4db017495c69e8140a56a0e2b669e3f8) Importer(815301076,1909f56bfc062723c751e8b465ee728b)  -> (artifact id: '92498e1ba26e059bd753fe2916d45822') in 0.082122 seconds
  Import took 0.115063 seconds .

========================================================================
Received Import Request.
  Time since last request: 0.000699 seconds.
  path: Assets/Standard Assets/CrossPlatformInput/Sprites/ButtonCameraCycleUpSprite.png
  artifactKey: Guid(a3983c59ebf804b4abba687bd7c9e92f) Importer(815301076,1909f56bfc062723c751e8b465ee728b)
Start importing Assets/Standard Assets/CrossPlatformInput/Sprites/ButtonCameraCycleUpSprite.png using Guid(a3983c59ebf804b4abba687bd7c9e92f) Importer(815301076,1909f56bfc062723c751e8b465ee728b)  -> (artifact id: '0bc4f15e7d926488ec7eee9b7cbee4f5') in 0.165494 seconds
  Import took 0.254802 seconds .

========================================================================
Received Import Request.
  Time since last request: 0.009726 seconds.
  path: Assets/Standard Assets/CrossPlatformInput/Sprites/TouchpadSprite.png
  artifactKey: Guid(e4f1fee3de32377429fd1348fae62b10) Importer(815301076,1909f56bfc062723c751e8b465ee728b)
Start importing Assets/Standard Assets/CrossPlatformInput/Sprites/TouchpadSprite.png using Guid(e4f1fee3de32377429fd1348fae62b10) Importer(815301076,1909f56bfc062723c751e8b465ee728b)  -> (artifact id: '66c5ceb1e93f07b15ed902a186922d97') in 0.205190 seconds
  Import took 0.289794 seconds .

========================================================================
Received Import Request.
  Time since last request: 0.001153 seconds.
  path: Assets/Standard Assets/CrossPlatformInput/Sprites/ButtonAcceleratorUpSprite.png
  artifactKey: Guid(f588d850485d0ae479d73cf3bd0b7b00) Importer(815301076,1909f56bfc062723c751e8b465ee728b)
Start importing Assets/Standard Assets/CrossPlatformInput/Sprites/ButtonAcceleratorUpSprite.png using Guid(f588d850485d0ae479d73cf3bd0b7b00) Importer(815301076,1909f56bfc062723c751e8b465ee728b)  -> (artifact id: '0ff27ad5b56083046840f60949c7d462') in 0.307433 seconds
  Import took 0.455836 seconds .

========================================================================
Received Prepare
Registering precompiled user dll's ...
Registered in 0.036314 seconds.
Begin MonoManager ReloadAssembly
Native extension for OSXStandalone target not found
Native extension for WebGL target not found
Refreshing native plugins compatible for Editor in 0.85 ms, found 1 plugins.
Preloading 0 native plugins for Editor in 0.00 ms.
Warning: Annotation not found!
UnityEngine.StackTraceUtility:ExtractStackTrace () (at /Users/bokken/buildslave/unity/build/Runtime/Export/Scripting/StackTrace.cs:37)
UnityEditor.ProBuilder.EditorUtility:SetGizmoIconEnabled (System.Type,bool) (at Library/PackageCache/com.unity.probuilder@4.5.0/Editor/EditorCore/EditorUtility.cs:593)
UnityEditor.ProBuilder.HierarchyListener:.cctor () (at Library/PackageCache/com.unity.probuilder@4.5.0/Editor/EditorCore/HierarchyListener.cs:21)
System.Runtime.CompilerServices.RuntimeHelpers:RunClassConstructor (System.RuntimeTypeHandle)
UnityEditor.EditorAssemblies:ProcessInitializeOnLoadAttributes (System.Type[]) (at /Users/bokken/buildslave/unity/build/Editor/Mono/EditorAssemblies.cs:114)

[Library/PackageCache/com.unity.probuilder@4.5.0/Editor/EditorCore/EditorUtility.cs line 593]

Mono: successfully reloaded assembly
- Completed reload, in  2.337 seconds
Platform modules already initialized, skipping
Refreshing native plugins compatible for Editor in 0.66 ms, found 1 plugins.
Preloading 0 native plugins for Editor in 0.00 ms.
Unloading 1645 Unused Serialized files (Serialized files now loaded: 0)
System memory in use before: 214.3 MB.
System memory in use after: 214.3 MB.

Unloading 7 unused Assets to reduce memory usage. Loaded Objects now: 2222.
Total: 10.638594 ms (FindLiveObjects: 1.449094 ms CreateObjectMapping: 0.268291 ms MarkObjects: 8.479837 ms  DeleteObjects: 0.437536 ms)

========================================================================
Received Import Request.
  Time since last request: 1015.290931 seconds.
  path: Assets/_GameAssets/Scripts
  artifactKey: Guid(b536d86f32d2a4a5786949e2f07a8d96) Importer(815301076,1909f56bfc062723c751e8b465ee728b)
Start importing Assets/_GameAssets/Scripts using Guid(b536d86f32d2a4a5786949e2f07a8d96) Importer(815301076,1909f56bfc062723c751e8b465ee728b)  -> (artifact id: '3549db94495a2b5ee7557a93712f5656') in 0.132097 seconds
  Import took 0.205689 seconds .

========================================================================
Received Import Request.
  Time since last request: 70.749886 seconds.
  path: Assets/_GameAssets/Scripts/Minimap
  artifactKey: Guid(7704671d9fb5844e5bd913f9a707cecd) Importer(815301076,1909f56bfc062723c751e8b465ee728b)
Start importing Assets/_GameAssets/Scripts/Minimap using Guid(7704671d9fb5844e5bd913f9a707cecd) Importer(815301076,1909f56bfc062723c751e8b465ee728b)  -> (artifact id: '4f3c8a81a96efd2aa9a95c7900775fbb') in 0.081798 seconds
  Import took 0.152044 seconds .

========================================================================
Received Prepare
Registering precompiled user dll's ...
Registered in 0.001255 seconds.
Begin MonoManager ReloadAssembly
Native extension for OSXStandalone target not found
Native extension for WebGL target not found
Refreshing native plugins compatible for Editor in 0.65 ms, found 1 plugins.
Preloading 0 native plugins for Editor in 0.00 ms.
Warning: Annotation not found!
UnityEngine.StackTraceUtility:ExtractStackTrace () (at /Users/bokken/buildslave/unity/build/Runtime/Export/Scripting/StackTrace.cs:37)
UnityEditor.ProBuilder.EditorUtility:SetGizmoIconEnabled (System.Type,bool) (at Library/PackageCache/com.unity.probuilder@4.5.0/Editor/EditorCore/EditorUtility.cs:593)
UnityEditor.ProBuilder.HierarchyListener:.cctor () (at Library/PackageCache/com.unity.probuilder@4.5.0/Editor/EditorCore/HierarchyListener.cs:21)
System.Runtime.CompilerServices.RuntimeHelpers:RunClassConstructor (System.RuntimeTypeHandle)
UnityEditor.EditorAssemblies:ProcessInitializeOnLoadAttributes (System.Type[]) (at /Users/bokken/buildslave/unity/build/Editor/Mono/EditorAssemblies.cs:114)

[Library/PackageCache/com.unity.probuilder@4.5.0/Editor/EditorCore/EditorUtility.cs line 593]

Mono: successfully reloaded assembly
- Completed reload, in  2.530 seconds
Platform modules already initialized, skipping
Refreshing native plugins compatible for Editor in 0.59 ms, found 1 plugins.
Preloading 0 native plugins for Editor in 0.00 ms.
Unloading 1645 Unused Serialized files (Serialized files now loaded: 0)
System memory in use before: 214.6 MB.
System memory in use after: 214.7 MB.

Unloading 7 unused Assets to reduce memory usage. Loaded Objects now: 2225.
Total: 4.764918 ms (FindLiveObjects: 0.441129 ms CreateObjectMapping: 0.102879 ms MarkObjects: 3.890387 ms  DeleteObjects: 0.328469 ms)

========================================================================
Received Import Request.
  Time since last request: 57.906308 seconds.
  path: Assets/_GameAssets/Scripts/Minimap/MinimapManager.cs
  artifactKey: Guid(e03f2a24797a74e27ad45eee6794e8b7) Importer(815301076,1909f56bfc062723c751e8b465ee728b)
Start importing Assets/_GameAssets/Scripts/Minimap/MinimapManager.cs using Guid(e03f2a24797a74e27ad45eee6794e8b7) Importer(815301076,1909f56bfc062723c751e8b465ee728b)  -> (artifact id: '6ef0c7a127deb0623611571412eb211c') in 1.673493 seconds
  Import took 1.832249 seconds .

========================================================================
Received Import Request.
  Time since last request: 857.048252 seconds.
  path: Assets/_GameAssets/Scenes/IndoorScene.unity
  artifactKey: Guid(031457fb1764445e4baf4de9e623c78b) Importer(815301076,1909f56bfc062723c751e8b465ee728b)
Start importing Assets/_GameAssets/Scenes/IndoorScene.unity using Guid(031457fb1764445e4baf4de9e623c78b) Importer(815301076,1909f56bfc062723c751e8b465ee728b)  -> (artifact id: '8692be546f92f1935ad9ebe1701ff7d9') in 0.100402 seconds
  Import took 0.208940 seconds .

========================================================================
Received Import Request.
  Time since last request: 887.058090 seconds.
  path: Assets/_GameAssets/Scenes/SampleScene.unity
  artifactKey: Guid(9fc0d4010bbf28b4594072e72b8655ab) Importer(815301076,1909f56bfc062723c751e8b465ee728b)
Start importing Assets/_GameAssets/Scenes/SampleScene.unity using Guid(9fc0d4010bbf28b4594072e72b8655ab) Importer(815301076,1909f56bfc062723c751e8b465ee728b)  -> (artifact id: '74bdaafd78b0a913c34db4e9c5a5433d') in 0.084885 seconds
  Import took 0.141667 seconds .

========================================================================
Received Prepare
Registering precompiled user dll's ...
Registered in 0.094249 seconds.
Begin MonoManager ReloadAssembly
Native extension for OSXStandalone target not found
Native extension for WebGL target not found
Refreshing native plugins compatible for Editor in 0.52 ms, found 1 plugins.
Preloading 0 native plugins for Editor in 0.00 ms.
Warning: Annotation not found!
UnityEngine.StackTraceUtility:ExtractStackTrace () (at /Users/bokken/buildslave/unity/build/Runtime/Export/Scripting/StackTrace.cs:37)
UnityEditor.ProBuilder.EditorUtility:SetGizmoIconEnabled (System.Type,bool) (at Library/PackageCache/com.unity.probuilder@4.5.0/Editor/EditorCore/EditorUtility.cs:593)
UnityEditor.ProBuilder.HierarchyListener:.cctor () (at Library/PackageCache/com.unity.probuilder@4.5.0/Editor/EditorCore/HierarchyListener.cs:21)
System.Runtime.CompilerServices.RuntimeHelpers:RunClassConstructor (System.RuntimeTypeHandle)
UnityEditor.EditorAssemblies:ProcessInitializeOnLoadAttributes (System.Type[]) (at /Users/bokken/buildslave/unity/build/Editor/Mono/EditorAssemblies.cs:114)

[Library/PackageCache/com.unity.probuilder@4.5.0/Editor/EditorCore/EditorUtility.cs line 593]

Mono: successfully reloaded assembly
- Completed reload, in  4.424 seconds
Platform modules already initialized, skipping
Refreshing native plugins compatible for Editor in 0.72 ms, found 1 plugins.
Preloading 0 native plugins for Editor in 0.00 ms.
Unloading 1645 Unused Serialized files (Serialized files now loaded: 0)
System memory in use before: 219.2 MB.
System memory in use after: 219.2 MB.

Unloading 7 unused Assets to reduce memory usage. Loaded Objects now: 2228.
Total: 3.439237 ms (FindLiveObjects: 0.353763 ms CreateObjectMapping: 0.092850 ms MarkObjects: 2.712738 ms  DeleteObjects: 0.278036 ms)

========================================================================
Received Import Request.
  Time since last request: 761.847936 seconds.
  path: Assets/_GameAssets/Textures/Minimap
  artifactKey: Guid(cea73be32d86f45529a7b7eacaef5685) Importer(815301076,1909f56bfc062723c751e8b465ee728b)
Start importing Assets/_GameAssets/Textures/Minimap using Guid(cea73be32d86f45529a7b7eacaef5685) Importer(815301076,1909f56bfc062723c751e8b465ee728b)  -> (artifact id: 'f4220def3b73d6e23900f5f1c9650489') in 0.112740 seconds
  Import took 0.162837 seconds .

========================================================================
Received Import Request.
  Time since last request: 462.856901 seconds.
  path: Assets/_GameAssets/Scripts/Minimap/MinimapManager.cs
  artifactKey: Guid(e03f2a24797a74e27ad45eee6794e8b7) Importer(815301076,1909f56bfc062723c751e8b465ee728b)
Start importing Assets/_GameAssets/Scripts/Minimap/MinimapManager.cs using Guid(e03f2a24797a74e27ad45eee6794e8b7) Importer(815301076,1909f56bfc062723c751e8b465ee728b)  -> (artifact id: '572770812dba37d2248c98eede36d8da') in 0.048646 seconds
  Import took 0.166604 seconds .

========================================================================
Received Import Request.
  Time since last request: 176.915739 seconds.
  path: Assets/_GameAssets/Textures/Minimap/Materials
  artifactKey: Guid(1a39f804e35f64d99ba7c0b3a01b168a) Importer(815301076,1909f56bfc062723c751e8b465ee728b)
Start importing Assets/_GameAssets/Textures/Minimap/Materials using Guid(1a39f804e35f64d99ba7c0b3a01b168a) Importer(815301076,1909f56bfc062723c751e8b465ee728b)  -> (artifact id: 'f4e69b4cd8ca1569afa5ef03bf9c21a9') in 0.052215 seconds
  Import took 0.137884 seconds .

========================================================================
Received Import Request.
  Time since last request: 411.861261 seconds.
  path: Assets/_GameAssets/Textures/Minimap/Mapa.jpg
  artifactKey: Guid(9c376038210e941ad9a6ba2002b17244) Importer(815301076,1909f56bfc062723c751e8b465ee728b)
Start importing Assets/_GameAssets/Textures/Minimap/Mapa.jpg using Guid(9c376038210e941ad9a6ba2002b17244) Importer(815301076,1909f56bfc062723c751e8b465ee728b)  -> (artifact id: '2334b4ef901eb6697f9aedb70d581f13') in 3.671065 seconds
  Import took 3.819843 seconds .

========================================================================
Received Import Request.
  Time since last request: 369.714020 seconds.
  path: Assets/_GameAssets/Textures/Minimap/CircleWhite512.png
  artifactKey: Guid(315e1a29b78f34a2aac2b78c34090a5a) Importer(815301076,1909f56bfc062723c751e8b465ee728b)
Start importing Assets/_GameAssets/Textures/Minimap/CircleWhite512.png using Guid(315e1a29b78f34a2aac2b78c34090a5a) Importer(815301076,1909f56bfc062723c751e8b465ee728b)  -> (artifact id: 'dd52a57e44e9d24be5b4e03517f5e210') in 0.165684 seconds
  Import took 0.294559 seconds .

========================================================================
Received Import Request.
  Time since last request: 12.310088 seconds.
  path: Assets/_GameAssets/Textures/Minimap/CircleWhite512.png
  artifactKey: Guid(315e1a29b78f34a2aac2b78c34090a5a) Importer(815301076,1909f56bfc062723c751e8b465ee728b)
Start importing Assets/_GameAssets/Textures/Minimap/CircleWhite512.png using Guid(315e1a29b78f34a2aac2b78c34090a5a) Importer(815301076,1909f56bfc062723c751e8b465ee728b)  -> (artifact id: '358e899e7000d2288872c133909248a4') in 0.356043 seconds
  Import took 0.433593 seconds .

========================================================================
Received Prepare
Registering precompiled user dll's ...
Registered in 0.100338 seconds.
Begin MonoManager ReloadAssembly
Native extension for OSXStandalone target not found
Native extension for WebGL target not found
Refreshing native plugins compatible for Editor in 0.69 ms, found 1 plugins.
Preloading 0 native plugins for Editor in 0.00 ms.
Warning: Annotation not found!
UnityEngine.StackTraceUtility:ExtractStackTrace () (at /Users/bokken/buildslave/unity/build/Runtime/Export/Scripting/StackTrace.cs:37)
UnityEditor.ProBuilder.EditorUtility:SetGizmoIconEnabled (System.Type,bool) (at Library/PackageCache/com.unity.probuilder@4.5.0/Editor/EditorCore/EditorUtility.cs:593)
UnityEditor.ProBuilder.HierarchyListener:.cctor () (at Library/PackageCache/com.unity.probuilder@4.5.0/Editor/EditorCore/HierarchyListener.cs:21)
System.Runtime.CompilerServices.RuntimeHelpers:RunClassConstructor (System.RuntimeTypeHandle)
UnityEditor.EditorAssemblies:ProcessInitializeOnLoadAttributes (System.Type[]) (at /Users/bokken/buildslave/unity/build/Editor/Mono/EditorAssemblies.cs:114)

[Library/PackageCache/com.unity.probuilder@4.5.0/Editor/EditorCore/EditorUtility.cs line 593]

Mono: successfully reloaded assembly
- Completed reload, in  4.413 seconds
Platform modules already initialized, skipping
Refreshing native plugins compatible for Editor in 1.20 ms, found 1 plugins.
Preloading 0 native plugins for Editor in 0.00 ms.
Unloading 1645 Unused Serialized files (Serialized files now loaded: 0)
System memory in use before: 223.8 MB.
System memory in use after: 223.8 MB.

Unloading 7 unused Assets to reduce memory usage. Loaded Objects now: 2232.
Total: 3.458987 ms (FindLiveObjects: 0.377361 ms CreateObjectMapping: 0.100290 ms MarkObjects: 2.699092 ms  DeleteObjects: 0.280121 ms)

========================================================================
Received Prepare
Registering precompiled user dll's ...
Registered in 0.043153 seconds.
Begin MonoManager ReloadAssembly
Native extension for OSXStandalone target not found
Native extension for WebGL target not found
Refreshing native plugins compatible for Editor in 0.60 ms, found 1 plugins.
Preloading 0 native plugins for Editor in 0.00 ms.
Warning: Annotation not found!
UnityEngine.StackTraceUtility:ExtractStackTrace () (at /Users/bokken/buildslave/unity/build/Runtime/Export/Scripting/StackTrace.cs:37)
UnityEditor.ProBuilder.EditorUtility:SetGizmoIconEnabled (System.Type,bool) (at Library/PackageCache/com.unity.probuilder@4.5.0/Editor/EditorCore/EditorUtility.cs:593)
UnityEditor.ProBuilder.HierarchyListener:.cctor () (at Library/PackageCache/com.unity.probuilder@4.5.0/Editor/EditorCore/HierarchyListener.cs:21)
System.Runtime.CompilerServices.RuntimeHelpers:RunClassConstructor (System.RuntimeTypeHandle)
UnityEditor.EditorAssemblies:ProcessInitializeOnLoadAttributes (System.Type[]) (at /Users/bokken/buildslave/unity/build/Editor/Mono/EditorAssemblies.cs:114)

[Library/PackageCache/com.unity.probuilder@4.5.0/Editor/EditorCore/EditorUtility.cs line 593]

Mono: successfully reloaded assembly
- Completed reload, in  2.215 seconds
Platform modules already initialized, skipping
Refreshing native plugins compatible for Editor in 0.57 ms, found 1 plugins.
Preloading 0 native plugins for Editor in 0.00 ms.
Unloading 1645 Unused Serialized files (Serialized files now loaded: 0)
System memory in use before: 224.1 MB.
System memory in use after: 224.1 MB.

Unloading 7 unused Assets to reduce memory usage. Loaded Objects now: 2235.
Total: 3.411219 ms (FindLiveObjects: 0.289158 ms CreateObjectMapping: 0.098552 ms MarkObjects: 2.733265 ms  DeleteObjects: 0.287132 ms)

========================================================================
Received Prepare
Registering precompiled user dll's ...
Registered in 0.027513 seconds.
Begin MonoManager ReloadAssembly
Native extension for OSXStandalone target not found
Native extension for WebGL target not found
Refreshing native plugins compatible for Editor in 0.67 ms, found 1 plugins.
Preloading 0 native plugins for Editor in 0.00 ms.
Warning: Annotation not found!
UnityEngine.StackTraceUtility:ExtractStackTrace () (at /Users/bokken/buildslave/unity/build/Runtime/Export/Scripting/StackTrace.cs:37)
UnityEditor.ProBuilder.EditorUtility:SetGizmoIconEnabled (System.Type,bool) (at Library/PackageCache/com.unity.probuilder@4.5.0/Editor/EditorCore/EditorUtility.cs:593)
UnityEditor.ProBuilder.HierarchyListener:.cctor () (at Library/PackageCache/com.unity.probuilder@4.5.0/Editor/EditorCore/HierarchyListener.cs:21)
System.Runtime.CompilerServices.RuntimeHelpers:RunClassConstructor (System.RuntimeTypeHandle)
UnityEditor.EditorAssemblies:ProcessInitializeOnLoadAttributes (System.Type[]) (at /Users/bokken/buildslave/unity/build/Editor/Mono/EditorAssemblies.cs:114)

[Library/PackageCache/com.unity.probuilder@4.5.0/Editor/EditorCore/EditorUtility.cs line 593]

Mono: successfully reloaded assembly
- Completed reload, in  2.068 seconds
Platform modules already initialized, skipping
Refreshing native plugins compatible for Editor in 0.55 ms, found 1 plugins.
Preloading 0 native plugins for Editor in 0.00 ms.
Unloading 1645 Unused Serialized files (Serialized files now loaded: 0)
System memory in use before: 224.4 MB.
System memory in use after: 224.4 MB.

Unloading 7 unused Assets to reduce memory usage. Loaded Objects now: 2238.
Total: 3.309361 ms (FindLiveObjects: 0.264647 ms CreateObjectMapping: 0.082116 ms MarkObjects: 2.692334 ms  DeleteObjects: 0.267162 ms)

========================================================================
Received Prepare
Registering precompiled user dll's ...
Registered in 0.010082 seconds.
Begin MonoManager ReloadAssembly
Native extension for OSXStandalone target not found
Native extension for WebGL target not found
Refreshing native plugins compatible for Editor in 1.01 ms, found 1 plugins.
Preloading 0 native plugins for Editor in 0.00 ms.
Warning: Annotation not found!
UnityEngine.StackTraceUtility:ExtractStackTrace () (at /Users/bokken/buildslave/unity/build/Runtime/Export/Scripting/StackTrace.cs:37)
UnityEditor.ProBuilder.EditorUtility:SetGizmoIconEnabled (System.Type,bool) (at Library/PackageCache/com.unity.probuilder@4.5.0/Editor/EditorCore/EditorUtility.cs:593)
UnityEditor.ProBuilder.HierarchyListener:.cctor () (at Library/PackageCache/com.unity.probuilder@4.5.0/Editor/EditorCore/HierarchyListener.cs:21)
System.Runtime.CompilerServices.RuntimeHelpers:RunClassConstructor (System.RuntimeTypeHandle)
UnityEditor.EditorAssemblies:ProcessInitializeOnLoadAttributes (System.Type[]) (at /Users/bokken/buildslave/unity/build/Editor/Mono/EditorAssemblies.cs:114)

[Library/PackageCache/com.unity.probuilder@4.5.0/Editor/EditorCore/EditorUtility.cs line 593]

Mono: successfully reloaded assembly
- Completed reload, in  3.284 seconds
Platform modules already initialized, skipping
Refreshing native plugins compatible for Editor in 2.53 ms, found 1 plugins.
Preloading 0 native plugins for Editor in 0.00 ms.
Unloading 1645 Unused Serialized files (Serialized files now loaded: 0)
System memory in use before: 224.7 MB.
System memory in use after: 224.7 MB.

Unloading 7 unused Assets to reduce memory usage. Loaded Objects now: 2241.
Total: 10.631771 ms (FindLiveObjects: 3.496742 ms CreateObjectMapping: 0.264940 ms MarkObjects: 6.532089 ms  DeleteObjects: 0.326346 ms)

========================================================================
Received Import Request.
  Time since last request: 2243.569484 seconds.
  path: Assets/ammo_box/Materials
  artifactKey: Guid(16ced54de4d9a60449f829b4c84595f9) Importer(815301076,1909f56bfc062723c751e8b465ee728b)
Start importing Assets/ammo_box/Materials using Guid(16ced54de4d9a60449f829b4c84595f9) Importer(815301076,1909f56bfc062723c751e8b465ee728b)  -> (artifact id: '49a1b60ea8358a135debd4a8068aab0e') in 0.165673 seconds
  Import took 0.246713 seconds .

========================================================================
Received Import Request.
  Time since last request: 1.234912 seconds.
  path: Assets/ammo_box/Demo_ammo_boxSettings.lighting
  artifactKey: Guid(1df292669868b4220848551397763648) Importer(815301076,1909f56bfc062723c751e8b465ee728b)
Start importing Assets/ammo_box/Demo_ammo_boxSettings.lighting using Guid(1df292669868b4220848551397763648) Importer(815301076,1909f56bfc062723c751e8b465ee728b) LightingSettings: switching bake backend from 1 to 0.
 -> (artifact id: '1c9c639e6022dd90115b56c2d4e958ca') in 7.112103 seconds
  Import took 7.491765 seconds .

