Using pre-set license

 COMMAND LINE ARGUMENTS:
/Applications/Unity/Hub/Editor/2020.3.5f1/Unity.app/Contents/MacOS/Unity
-adb2
-batchMode
-noUpm
-name
AssetImportWorker94
-projectPath
/Users/sergioferia/Desktop/Unity3D/ProyectosUnity/CallOfGetafe
-logFile
Logs/AssetImportWorker94.log
-srvPort
49348
Successfully changed project path to: /Users/sergioferia/Desktop/Unity3D/ProyectosUnity/CallOfGetafe
/Users/sergioferia/Desktop/Unity3D/ProyectosUnity/CallOfGetafe
Using Asset Import Pipeline V2.
Refreshing native plugins compatible for Editor in 260.34 ms, found 1 plugins.
Preloading 0 native plugins for Editor in 0.00 ms.
Initialize engine version: 2020.3.5f1 (8095aa901b9b)
[Subsystems] Discovering subsystems at path /Applications/Unity/Hub/Editor/2020.3.5f1/Unity.app/Contents/Resources/UnitySubsystems
[Subsystems] Discovering subsystems at path /Users/sergioferia/Desktop/Unity3D/ProyectosUnity/CallOfGetafe/Assets
GfxDevice: creating device client; threaded=0
2021-06-11 09:15:32.406 Unity[1449:34386] PHL 223V5 preferred device: Intel HD Graphics 5000 (low power)
2021-06-11 09:15:32.406 Unity[1449:34386] Metal devices available: 1
2021-06-11 09:15:32.406 Unity[1449:34386] 0: Intel HD Graphics 5000 (low power)
2021-06-11 09:15:32.407 Unity[1449:34386] Using device Intel HD Graphics 5000 (low power)
Initializing Metal device caps: Intel HD Graphics 5000
Initialize mono
Mono path[0] = '/Applications/Unity/Hub/Editor/2020.3.5f1/Unity.app/Contents/Managed'
Mono path[1] = '/Applications/Unity/Hub/Editor/2020.3.5f1/Unity.app/Contents/MonoBleedingEdge/lib/mono/unityjit'
Mono config path = '/Applications/Unity/Hub/Editor/2020.3.5f1/Unity.app/Contents/MonoBleedingEdge/etc'
Using monoOptions --debugger-agent=transport=dt_socket,embedding=1,server=y,suspend=n,address=127.0.0.1:56449
Begin MonoManager ReloadAssembly
Registering precompiled unity dll's ...
Register platform support module: /Applications/Unity/Hub/Editor/2020.3.5f1/PlaybackEngines/WebGLSupport/UnityEditor.WebGL.Extensions.dll
Register platform support module: /Applications/Unity/Hub/Editor/2020.3.5f1/Unity.app/Contents/PlaybackEngines/MacStandaloneSupport/UnityEditor.OSXStandalone.Extensions.dll
Registered in 0.063092 seconds.
Native extension for OSXStandalone target not found
Native extension for WebGL target not found
Refreshing native plugins compatible for Editor in 79.77 ms, found 1 plugins.
Preloading 0 native plugins for Editor in 0.00 ms.
Mono: successfully reloaded assembly
- Completed reload, in 11.549 seconds
Platform modules already initialized, skipping
Registering precompiled user dll's ...
Registered in 0.056049 seconds.
